{"C:\\Users\\haroo\\github\\Chron\\server\\src\\index.js": {"path":"C:\\Users\\haroo\\github\\Chron\\server\\src\\index.js","statementMap":{"0":{"start":{"line":1,"column":15},"end":{"line":1,"column":34}},"1":{"start":{"line":2,"column":11},"end":{"line":2,"column":54}},"2":{"start":{"line":4,"column":13},"end":{"line":4,"column":37}},"3":{"start":{"line":6,"column":20},"end":{"line":10,"column":1}},"4":{"start":{"line":7,"column":4},"end":{"line":9,"column":6}},"5":{"start":{"line":8,"column":8},"end":{"line":8,"column":55}},"6":{"start":{"line":12,"column":0},"end":{"line":12,"column":13}}},"fnMap":{"0":{"name":"(anonymous_0)","decl":{"start":{"line":6,"column":20},"end":{"line":6,"column":21}},"loc":{"start":{"line":6,"column":26},"end":{"line":10,"column":1}},"line":6},"1":{"name":"(anonymous_1)","decl":{"start":{"line":7,"column":24},"end":{"line":7,"column":25}},"loc":{"start":{"line":7,"column":30},"end":{"line":9,"column":5}},"line":7}},"branchMap":{"0":{"loc":{"start":{"line":4,"column":13},"end":{"line":4,"column":37}},"type":"binary-expr","locations":[{"start":{"line":4,"column":13},"end":{"line":4,"column":29}},{"start":{"line":4,"column":33},"end":{"line":4,"column":37}}],"line":4}},"s":{"0":1,"1":1,"2":1,"3":1,"4":1,"5":0,"6":1},"f":{"0":1,"1":0},"b":{"0":[1,0]},"_coverageSchema":"1a1c01bbd47fc00a2c39e90264f33305004495a9","hash":"5ca0169c4b06ed6169388de1aaf1d9579049be46"}
,"C:\\Users\\haroo\\github\\Chron\\server\\src\\server.js": {"path":"C:\\Users\\haroo\\github\\Chron\\server\\src\\server.js","statementMap":{"0":{"start":{"line":1,"column":0},"end":{"line":1,"column":22}},"1":{"start":{"line":3,"column":12},"end":{"line":3,"column":32}},"2":{"start":{"line":4,"column":19},"end":{"line":4,"column":42}},"3":{"start":{"line":5,"column":15},"end":{"line":5,"column":34}},"4":{"start":{"line":7,"column":0},"end":{"line":7,"column":21}},"5":{"start":{"line":9,"column":0},"end":{"line":9,"column":15}},"6":{"start":{"line":11,"column":0},"end":{"line":11,"column":20}}},"fnMap":{},"branchMap":{},"s":{"0":1,"1":1,"2":1,"3":1,"4":1,"5":1,"6":1},"f":{},"b":{},"_coverageSchema":"1a1c01bbd47fc00a2c39e90264f33305004495a9","hash":"ba557ed7c86b696e9b99ceae42fc3e152e33e86c"}
,"C:\\Users\\haroo\\github\\Chron\\server\\src\\components\\chron\\Chron.js": {"path":"C:\\Users\\haroo\\github\\Chron\\server\\src\\components\\chron\\Chron.js","statementMap":{"0":{"start":{"line":2,"column":20},"end":{"line":2,"column":53}},"1":{"start":{"line":6,"column":4},"end":{"line":6,"column":31}},"2":{"start":{"line":7,"column":4},"end":{"line":7,"column":28}},"3":{"start":{"line":15,"column":4},"end":{"line":15,"column":60}},"4":{"start":{"line":16,"column":4},"end":{"line":82,"column":5}},"5":{"start":{"line":18,"column":6},"end":{"line":77,"column":7}},"6":{"start":{"line":19,"column":8},"end":{"line":19,"column":49}},"7":{"start":{"line":21,"column":21},"end":{"line":21,"column":31}},"8":{"start":{"line":22,"column":10},"end":{"line":48,"column":11}},"9":{"start":{"line":24,"column":29},"end":{"line":24,"column":74}},"10":{"start":{"line":25,"column":23},"end":{"line":25,"column":56}},"11":{"start":{"line":27,"column":33},"end":{"line":27,"column":96}},"12":{"start":{"line":28,"column":12},"end":{"line":28,"column":66}},"13":{"start":{"line":29,"column":23},"end":{"line":29,"column":41}},"14":{"start":{"line":30,"column":12},"end":{"line":30,"column":27}},"15":{"start":{"line":31,"column":12},"end":{"line":31,"column":45}},"16":{"start":{"line":31,"column":26},"end":{"line":31,"column":44}},"17":{"start":{"line":32,"column":27},"end":{"line":32,"column":50}},"18":{"start":{"line":33,"column":12},"end":{"line":33,"column":45}},"19":{"start":{"line":34,"column":29},"end":{"line":34,"column":64}},"20":{"start":{"line":36,"column":12},"end":{"line":36,"column":32}},"21":{"start":{"line":37,"column":12},"end":{"line":37,"column":28}},"22":{"start":{"line":38,"column":12},"end":{"line":38,"column":42}},"23":{"start":{"line":40,"column":25},"end":{"line":40,"column":110}},"24":{"start":{"line":41,"column":12},"end":{"line":41,"column":40}},"25":{"start":{"line":42,"column":27},"end":{"line":42,"column":85}},"26":{"start":{"line":43,"column":12},"end":{"line":43,"column":45}},"27":{"start":{"line":45,"column":12},"end":{"line":45,"column":28}},"28":{"start":{"line":46,"column":12},"end":{"line":46,"column":28}},"29":{"start":{"line":47,"column":12},"end":{"line":47,"column":29}},"30":{"start":{"line":49,"column":29},"end":{"line":49,"column":87}},"31":{"start":{"line":51,"column":23},"end":{"line":51,"column":39}},"32":{"start":{"line":52,"column":12},"end":{"line":68,"column":13}},"33":{"start":{"line":52,"column":25},"end":{"line":52,"column":26}},"34":{"start":{"line":53,"column":29},"end":{"line":53,"column":60}},"35":{"start":{"line":55,"column":14},"end":{"line":58,"column":15}},"36":{"start":{"line":57,"column":16},"end":{"line":57,"column":49}},"37":{"start":{"line":59,"column":14},"end":{"line":59,"column":47}},"38":{"start":{"line":60,"column":27},"end":{"line":60,"column":28}},"39":{"start":{"line":62,"column":14},"end":{"line":66,"column":17}},"40":{"start":{"line":63,"column":16},"end":{"line":65,"column":17}},"41":{"start":{"line":64,"column":18},"end":{"line":64,"column":44}},"42":{"start":{"line":67,"column":14},"end":{"line":67,"column":76}},"43":{"start":{"line":69,"column":27},"end":{"line":69,"column":59}},"44":{"start":{"line":70,"column":24},"end":{"line":70,"column":57}},"45":{"start":{"line":71,"column":12},"end":{"line":75,"column":13}},"46":{"start":{"line":72,"column":14},"end":{"line":72,"column":68}},"47":{"start":{"line":74,"column":14},"end":{"line":74,"column":73}},"48":{"start":{"line":76,"column":12},"end":{"line":76,"column":121}},"49":{"start":{"line":80,"column":6},"end":{"line":80,"column":105}},"50":{"start":{"line":81,"column":6},"end":{"line":81,"column":18}},"51":{"start":{"line":87,"column":20},"end":{"line":87,"column":21}},"52":{"start":{"line":88,"column":4},"end":{"line":91,"column":6}},"53":{"start":{"line":89,"column":6},"end":{"line":89,"column":35}},"54":{"start":{"line":92,"column":4},"end":{"line":92,"column":21}},"55":{"start":{"line":96,"column":20},"end":{"line":96,"column":21}},"56":{"start":{"line":97,"column":4},"end":{"line":100,"column":6}},"57":{"start":{"line":98,"column":6},"end":{"line":98,"column":35}},"58":{"start":{"line":101,"column":4},"end":{"line":101,"column":49}},"59":{"start":{"line":104,"column":25},"end":{"line":104,"column":87}},"60":{"start":{"line":105,"column":6},"end":{"line":105,"column":40}},"61":{"start":{"line":106,"column":23},"end":{"line":106,"column":85}},"62":{"start":{"line":107,"column":6},"end":{"line":107,"column":35}},"63":{"start":{"line":108,"column":23},"end":{"line":108,"column":93}},"64":{"start":{"line":109,"column":26},"end":{"line":109,"column":27}},"65":{"start":{"line":110,"column":6},"end":{"line":112,"column":7}},"66":{"start":{"line":111,"column":6},"end":{"line":111,"column":39}},"67":{"start":{"line":113,"column":4},"end":{"line":116,"column":5}},"68":{"start":{"line":114,"column":6},"end":{"line":114,"column":33}},"69":{"start":{"line":114,"column":24},"end":{"line":114,"column":32}},"70":{"start":{"line":115,"column":6},"end":{"line":115,"column":16}},"71":{"start":{"line":118,"column":4},"end":{"line":118,"column":56}},"72":{"start":{"line":122,"column":19},"end":{"line":122,"column":64}},"73":{"start":{"line":123,"column":4},"end":{"line":123,"column":34}},"74":{"start":{"line":124,"column":15},"end":{"line":124,"column":34}},"75":{"start":{"line":125,"column":4},"end":{"line":125,"column":37}},"76":{"start":{"line":125,"column":19},"end":{"line":125,"column":37}},"77":{"start":{"line":126,"column":21},"end":{"line":126,"column":49}},"78":{"start":{"line":127,"column":21},"end":{"line":127,"column":87}},"79":{"start":{"line":128,"column":24},"end":{"line":128,"column":25}},"80":{"start":{"line":129,"column":4},"end":{"line":131,"column":6}},"81":{"start":{"line":130,"column":6},"end":{"line":130,"column":39}},"82":{"start":{"line":132,"column":4},"end":{"line":135,"column":5}},"83":{"start":{"line":133,"column":6},"end":{"line":133,"column":34}},"84":{"start":{"line":133,"column":24},"end":{"line":133,"column":33}},"85":{"start":{"line":134,"column":6},"end":{"line":134,"column":17}},"86":{"start":{"line":138,"column":4},"end":{"line":138,"column":54}},"87":{"start":{"line":141,"column":0},"end":{"line":141,"column":31}}},"fnMap":{"0":{"name":"(anonymous_0)","decl":{"start":{"line":5,"column":2},"end":{"line":5,"column":3}},"loc":{"start":{"line":5,"column":25},"end":{"line":8,"column":3}},"line":5},"1":{"name":"(anonymous_1)","decl":{"start":{"line":10,"column":2},"end":{"line":10,"column":3}},"loc":{"start":{"line":10,"column":52},"end":{"line":83,"column":3}},"line":10},"2":{"name":"(anonymous_2)","decl":{"start":{"line":62,"column":31},"end":{"line":62,"column":32}},"loc":{"start":{"line":62,"column":45},"end":{"line":66,"column":15}},"line":62},"3":{"name":"(anonymous_3)","decl":{"start":{"line":85,"column":2},"end":{"line":85,"column":3}},"loc":{"start":{"line":85,"column":30},"end":{"line":93,"column":3}},"line":85},"4":{"name":"(anonymous_4)","decl":{"start":{"line":88,"column":31},"end":{"line":88,"column":32}},"loc":{"start":{"line":88,"column":45},"end":{"line":90,"column":5}},"line":88},"5":{"name":"(anonymous_5)","decl":{"start":{"line":94,"column":2},"end":{"line":94,"column":3}},"loc":{"start":{"line":94,"column":31},"end":{"line":102,"column":3}},"line":94},"6":{"name":"(anonymous_6)","decl":{"start":{"line":97,"column":31},"end":{"line":97,"column":32}},"loc":{"start":{"line":97,"column":45},"end":{"line":99,"column":5}},"line":97},"7":{"name":"(anonymous_7)","decl":{"start":{"line":103,"column":2},"end":{"line":103,"column":3}},"loc":{"start":{"line":103,"column":56},"end":{"line":119,"column":3}},"line":103},"8":{"name":"(anonymous_8)","decl":{"start":{"line":110,"column":23},"end":{"line":110,"column":24}},"loc":{"start":{"line":110,"column":36},"end":{"line":112,"column":5}},"line":110},"9":{"name":"(anonymous_9)","decl":{"start":{"line":121,"column":2},"end":{"line":121,"column":3}},"loc":{"start":{"line":121,"column":43},"end":{"line":139,"column":3}},"line":121},"10":{"name":"(anonymous_10)","decl":{"start":{"line":129,"column":21},"end":{"line":129,"column":22}},"loc":{"start":{"line":129,"column":34},"end":{"line":131,"column":5}},"line":129}},"branchMap":{"0":{"loc":{"start":{"line":18,"column":6},"end":{"line":77,"column":7}},"type":"if","locations":[{"start":{"line":18,"column":6},"end":{"line":77,"column":7}},{"start":{"line":20,"column":13},"end":{"line":77,"column":7}}],"line":18},"1":{"loc":{"start":{"line":18,"column":10},"end":{"line":18,"column":84}},"type":"binary-expr","locations":[{"start":{"line":18,"column":10},"end":{"line":18,"column":37}},{"start":{"line":18,"column":42},"end":{"line":18,"column":60}},{"start":{"line":18,"column":64},"end":{"line":18,"column":83}}],"line":18},"2":{"loc":{"start":{"line":22,"column":10},"end":{"line":48,"column":11}},"type":"if","locations":[{"start":{"line":22,"column":10},"end":{"line":48,"column":11}},{"start":{"line":39,"column":15},"end":{"line":48,"column":11}}],"line":22},"3":{"loc":{"start":{"line":31,"column":12},"end":{"line":31,"column":45}},"type":"if","locations":[{"start":{"line":31,"column":12},"end":{"line":31,"column":45}},{"start":{},"end":{}}],"line":31},"4":{"loc":{"start":{"line":55,"column":14},"end":{"line":58,"column":15}},"type":"if","locations":[{"start":{"line":55,"column":14},"end":{"line":58,"column":15}},{"start":{},"end":{}}],"line":55},"5":{"loc":{"start":{"line":55,"column":18},"end":{"line":55,"column":105}},"type":"binary-expr","locations":[{"start":{"line":55,"column":18},"end":{"line":55,"column":26}},{"start":{"line":55,"column":30},"end":{"line":55,"column":53}},{"start":{"line":55,"column":57},"end":{"line":55,"column":105}}],"line":55},"6":{"loc":{"start":{"line":63,"column":16},"end":{"line":65,"column":17}},"type":"if","locations":[{"start":{"line":63,"column":16},"end":{"line":65,"column":17}},{"start":{},"end":{}}],"line":63},"7":{"loc":{"start":{"line":71,"column":12},"end":{"line":75,"column":13}},"type":"if","locations":[{"start":{"line":71,"column":12},"end":{"line":75,"column":13}},{"start":{"line":73,"column":19},"end":{"line":75,"column":13}}],"line":71},"8":{"loc":{"start":{"line":113,"column":4},"end":{"line":116,"column":5}},"type":"if","locations":[{"start":{"line":113,"column":4},"end":{"line":116,"column":5}},{"start":{},"end":{}}],"line":113},"9":{"loc":{"start":{"line":114,"column":6},"end":{"line":114,"column":33}},"type":"if","locations":[{"start":{"line":114,"column":6},"end":{"line":114,"column":33}},{"start":{},"end":{}}],"line":114},"10":{"loc":{"start":{"line":125,"column":4},"end":{"line":125,"column":37}},"type":"if","locations":[{"start":{"line":125,"column":4},"end":{"line":125,"column":37}},{"start":{},"end":{}}],"line":125},"11":{"loc":{"start":{"line":132,"column":4},"end":{"line":135,"column":5}},"type":"if","locations":[{"start":{"line":132,"column":4},"end":{"line":135,"column":5}},{"start":{},"end":{}}],"line":132},"12":{"loc":{"start":{"line":133,"column":6},"end":{"line":133,"column":34}},"type":"if","locations":[{"start":{"line":133,"column":6},"end":{"line":133,"column":34}},{"start":{},"end":{}}],"line":133}},"s":{"0":1,"1":0,"2":0,"3":0,"4":0,"5":0,"6":0,"7":0,"8":0,"9":0,"10":0,"11":0,"12":0,"13":0,"14":0,"15":0,"16":0,"17":0,"18":0,"19":0,"20":0,"21":0,"22":0,"23":0,"24":0,"25":0,"26":0,"27":0,"28":0,"29":0,"30":0,"31":0,"32":0,"33":0,"34":0,"35":0,"36":0,"37":0,"38":0,"39":0,"40":0,"41":0,"42":0,"43":0,"44":0,"45":0,"46":0,"47":0,"48":0,"49":0,"50":0,"51":0,"52":0,"53":0,"54":0,"55":0,"56":0,"57":0,"58":0,"59":0,"60":0,"61":0,"62":0,"63":0,"64":0,"65":0,"66":0,"67":0,"68":0,"69":0,"70":0,"71":0,"72":0,"73":0,"74":0,"75":0,"76":0,"77":0,"78":0,"79":0,"80":0,"81":0,"82":0,"83":0,"84":0,"85":0,"86":0,"87":1},"f":{"0":0,"1":0,"2":0,"3":0,"4":0,"5":0,"6":0,"7":0,"8":0,"9":0,"10":0},"b":{"0":[0,0],"1":[0,0,0],"2":[0,0],"3":[0,0],"4":[0,0],"5":[0,0,0],"6":[0,0],"7":[0,0],"8":[0,0],"9":[0,0],"10":[0,0],"11":[0,0],"12":[0,0]},"_coverageSchema":"1a1c01bbd47fc00a2c39e90264f33305004495a9","hash":"7dfce38701fa96c978bdad4b6315a0b165ecca31"}
,"C:\\Users\\haroo\\github\\Chron\\server\\src\\components\\gestoreDB\\gestoreDB.js": {"path":"C:\\Users\\haroo\\github\\Chron\\server\\src\\components\\gestoreDB\\gestoreDB.js","statementMap":{"0":{"start":{"line":2,"column":17},"end":{"line":2,"column":36}},"1":{"start":{"line":4,"column":22},"end":{"line":4,"column":54}},"2":{"start":{"line":5,"column":20},"end":{"line":5,"column":54}},"3":{"start":{"line":6,"column":15},"end":{"line":6,"column":51}},"4":{"start":{"line":7,"column":18},"end":{"line":7,"column":46}},"5":{"start":{"line":8,"column":19},"end":{"line":8,"column":59}},"6":{"start":{"line":9,"column":19},"end":{"line":9,"column":54}},"7":{"start":{"line":15,"column":8},"end":{"line":23,"column":11}},"8":{"start":{"line":16,"column":12},"end":{"line":22,"column":23}},"9":{"start":{"line":18,"column":20},"end":{"line":18,"column":45}},"10":{"start":{"line":21,"column":24},"end":{"line":21,"column":94}},"11":{"start":{"line":27,"column":8},"end":{"line":40,"column":15}},"12":{"start":{"line":28,"column":25},"end":{"line":28,"column":27}},"13":{"start":{"line":30,"column":12},"end":{"line":39,"column":27}},"14":{"start":{"line":32,"column":20},"end":{"line":34,"column":23}},"15":{"start":{"line":33,"column":24},"end":{"line":33,"column":48}},"16":{"start":{"line":35,"column":20},"end":{"line":35,"column":36}},"17":{"start":{"line":38,"column":28},"end":{"line":38,"column":98}},"18":{"start":{"line":44,"column":12},"end":{"line":57,"column":19}},"19":{"start":{"line":45,"column":29},"end":{"line":45,"column":31}},"20":{"start":{"line":47,"column":16},"end":{"line":56,"column":31}},"21":{"start":{"line":49,"column":24},"end":{"line":51,"column":27}},"22":{"start":{"line":50,"column":28},"end":{"line":50,"column":52}},"23":{"start":{"line":52,"column":24},"end":{"line":52,"column":40}},"24":{"start":{"line":55,"column":32},"end":{"line":55,"column":102}},"25":{"start":{"line":61,"column":8},"end":{"line":68,"column":14}},"26":{"start":{"line":63,"column":16},"end":{"line":67,"column":17}},"27":{"start":{"line":64,"column":20},"end":{"line":64,"column":32}},"28":{"start":{"line":66,"column":20},"end":{"line":66,"column":33}},"29":{"start":{"line":72,"column":8},"end":{"line":86,"column":11}},"30":{"start":{"line":73,"column":25},"end":{"line":78,"column":14}},"31":{"start":{"line":79,"column":12},"end":{"line":85,"column":19}},"32":{"start":{"line":81,"column":20},"end":{"line":81,"column":36}},"33":{"start":{"line":84,"column":20},"end":{"line":84,"column":88}},"34":{"start":{"line":90,"column":8},"end":{"line":102,"column":11}},"35":{"start":{"line":91,"column":12},"end":{"line":101,"column":19}},"36":{"start":{"line":93,"column":20},"end":{"line":97,"column":21}},"37":{"start":{"line":94,"column":24},"end":{"line":94,"column":38}},"38":{"start":{"line":96,"column":24},"end":{"line":96,"column":39}},"39":{"start":{"line":100,"column":20},"end":{"line":100,"column":88}},"40":{"start":{"line":106,"column":8},"end":{"line":118,"column":11}},"41":{"start":{"line":107,"column":12},"end":{"line":117,"column":19}},"42":{"start":{"line":109,"column":20},"end":{"line":113,"column":21}},"43":{"start":{"line":110,"column":24},"end":{"line":110,"column":44}},"44":{"start":{"line":112,"column":24},"end":{"line":112,"column":38}},"45":{"start":{"line":116,"column":20},"end":{"line":116,"column":85}},"46":{"start":{"line":122,"column":8},"end":{"line":134,"column":11}},"47":{"start":{"line":123,"column":12},"end":{"line":133,"column":19}},"48":{"start":{"line":125,"column":20},"end":{"line":129,"column":21}},"49":{"start":{"line":126,"column":24},"end":{"line":126,"column":97}},"50":{"start":{"line":128,"column":24},"end":{"line":128,"column":38}},"51":{"start":{"line":132,"column":20},"end":{"line":132,"column":87}},"52":{"start":{"line":138,"column":8},"end":{"line":159,"column":11}},"53":{"start":{"line":139,"column":12},"end":{"line":158,"column":15}},"54":{"start":{"line":143,"column":16},"end":{"line":154,"column":17}},"55":{"start":{"line":144,"column":20},"end":{"line":144,"column":89}},"56":{"start":{"line":145,"column":20},"end":{"line":145,"column":79}},"57":{"start":{"line":145,"column":51},"end":{"line":145,"column":75}},"58":{"start":{"line":147,"column":42},"end":{"line":152,"column":22}},"59":{"start":{"line":153,"column":20},"end":{"line":153,"column":82}},"60":{"start":{"line":153,"column":54},"end":{"line":153,"column":78}},"61":{"start":{"line":157,"column":16},"end":{"line":157,"column":124}},"62":{"start":{"line":163,"column":8},"end":{"line":172,"column":11}},"63":{"start":{"line":164,"column":12},"end":{"line":171,"column":19}},"64":{"start":{"line":166,"column":20},"end":{"line":166,"column":35}},"65":{"start":{"line":169,"column":20},"end":{"line":169,"column":111}},"66":{"start":{"line":170,"column":20},"end":{"line":170,"column":34}},"67":{"start":{"line":176,"column":8},"end":{"line":224,"column":11}},"68":{"start":{"line":178,"column":10},"end":{"line":223,"column":15}},"69":{"start":{"line":180,"column":14},"end":{"line":180,"column":31}},"70":{"start":{"line":181,"column":16},"end":{"line":203,"column":17}},"71":{"start":{"line":182,"column":20},"end":{"line":186,"column":21}},"72":{"start":{"line":183,"column":24},"end":{"line":183,"column":65}},"73":{"start":{"line":185,"column":24},"end":{"line":185,"column":89}},"74":{"start":{"line":188,"column":38},"end":{"line":195,"column":22}},"75":{"start":{"line":197,"column":20},"end":{"line":202,"column":21}},"76":{"start":{"line":198,"column":20},"end":{"line":199,"column":69}},"77":{"start":{"line":199,"column":36},"end":{"line":199,"column":67}},"78":{"start":{"line":201,"column":24},"end":{"line":201,"column":48}},"79":{"start":{"line":206,"column":16},"end":{"line":218,"column":17}},"80":{"start":{"line":207,"column":24},"end":{"line":207,"column":73}},"81":{"start":{"line":208,"column":23},"end":{"line":218,"column":17}},"82":{"start":{"line":209,"column":24},"end":{"line":215,"column":25}},"83":{"start":{"line":210,"column":28},"end":{"line":210,"column":44}},"84":{"start":{"line":213,"column":28},"end":{"line":213,"column":44}},"85":{"start":{"line":217,"column":24},"end":{"line":217,"column":66}},"86":{"start":{"line":221,"column":16},"end":{"line":221,"column":111}},"87":{"start":{"line":222,"column":16},"end":{"line":222,"column":43}},"88":{"start":{"line":228,"column":8},"end":{"line":241,"column":11}},"89":{"start":{"line":229,"column":10},"end":{"line":240,"column":15}},"90":{"start":{"line":231,"column":14},"end":{"line":235,"column":15}},"91":{"start":{"line":232,"column":16},"end":{"line":232,"column":30}},"92":{"start":{"line":234,"column":16},"end":{"line":234,"column":31}},"93":{"start":{"line":238,"column":14},"end":{"line":238,"column":35}},"94":{"start":{"line":239,"column":14},"end":{"line":239,"column":28}},"95":{"start":{"line":245,"column":8},"end":{"line":258,"column":11}},"96":{"start":{"line":246,"column":12},"end":{"line":257,"column":19}},"97":{"start":{"line":248,"column":20},"end":{"line":252,"column":21}},"98":{"start":{"line":249,"column":24},"end":{"line":249,"column":38}},"99":{"start":{"line":251,"column":24},"end":{"line":251,"column":39}},"100":{"start":{"line":255,"column":20},"end":{"line":255,"column":41}},"101":{"start":{"line":256,"column":20},"end":{"line":256,"column":34}},"102":{"start":{"line":262,"column":8},"end":{"line":274,"column":11}},"103":{"start":{"line":263,"column":31},"end":{"line":266,"column":14}},"104":{"start":{"line":267,"column":12},"end":{"line":273,"column":19}},"105":{"start":{"line":269,"column":20},"end":{"line":269,"column":34}},"106":{"start":{"line":272,"column":20},"end":{"line":272,"column":123}},"107":{"start":{"line":278,"column":8},"end":{"line":286,"column":11}},"108":{"start":{"line":279,"column":12},"end":{"line":285,"column":19}},"109":{"start":{"line":281,"column":20},"end":{"line":281,"column":34}},"110":{"start":{"line":284,"column":20},"end":{"line":284,"column":121}},"111":{"start":{"line":290,"column":19},"end":{"line":290,"column":57}},"112":{"start":{"line":291,"column":8},"end":{"line":299,"column":11}},"113":{"start":{"line":292,"column":12},"end":{"line":298,"column":23}},"114":{"start":{"line":294,"column":20},"end":{"line":294,"column":41}},"115":{"start":{"line":297,"column":24},"end":{"line":297,"column":94}},"116":{"start":{"line":303,"column":19},"end":{"line":303,"column":57}},"117":{"start":{"line":304,"column":8},"end":{"line":312,"column":11}},"118":{"start":{"line":305,"column":12},"end":{"line":311,"column":23}},"119":{"start":{"line":307,"column":20},"end":{"line":307,"column":41}},"120":{"start":{"line":310,"column":24},"end":{"line":310,"column":94}},"121":{"start":{"line":317,"column":8},"end":{"line":335,"column":10}},"122":{"start":{"line":319,"column":31},"end":{"line":326,"column":14}},"123":{"start":{"line":328,"column":12},"end":{"line":334,"column":23}},"124":{"start":{"line":330,"column":20},"end":{"line":330,"column":44}},"125":{"start":{"line":333,"column":24},"end":{"line":333,"column":132}},"126":{"start":{"line":339,"column":8},"end":{"line":343,"column":9}},"127":{"start":{"line":340,"column":12},"end":{"line":340,"column":49}},"128":{"start":{"line":342,"column":12},"end":{"line":342,"column":25}},"129":{"start":{"line":344,"column":8},"end":{"line":344,"column":20}},"130":{"start":{"line":348,"column":8},"end":{"line":357,"column":9}},"131":{"start":{"line":349,"column":27},"end":{"line":349,"column":94}},"132":{"start":{"line":350,"column":12},"end":{"line":354,"column":13}},"133":{"start":{"line":351,"column":16},"end":{"line":351,"column":28}},"134":{"start":{"line":353,"column":16},"end":{"line":353,"column":29}},"135":{"start":{"line":356,"column":12},"end":{"line":356,"column":24}},"136":{"start":{"line":361,"column":8},"end":{"line":374,"column":9}},"137":{"start":{"line":362,"column":27},"end":{"line":362,"column":96}},"138":{"start":{"line":363,"column":12},"end":{"line":371,"column":13}},"139":{"start":{"line":364,"column":16},"end":{"line":368,"column":17}},"140":{"start":{"line":365,"column":20},"end":{"line":365,"column":32}},"141":{"start":{"line":367,"column":20},"end":{"line":367,"column":33}},"142":{"start":{"line":370,"column":16},"end":{"line":370,"column":29}},"143":{"start":{"line":373,"column":12},"end":{"line":373,"column":24}},"144":{"start":{"line":378,"column":8},"end":{"line":387,"column":9}},"145":{"start":{"line":379,"column":27},"end":{"line":379,"column":93}},"146":{"start":{"line":380,"column":12},"end":{"line":384,"column":13}},"147":{"start":{"line":381,"column":16},"end":{"line":381,"column":28}},"148":{"start":{"line":383,"column":16},"end":{"line":383,"column":29}},"149":{"start":{"line":386,"column":12},"end":{"line":386,"column":24}},"150":{"start":{"line":391,"column":8},"end":{"line":429,"column":9}},"151":{"start":{"line":393,"column":12},"end":{"line":425,"column":15}},"152":{"start":{"line":395,"column":16},"end":{"line":395,"column":61}},"153":{"start":{"line":396,"column":16},"end":{"line":396,"column":67}},"154":{"start":{"line":398,"column":16},"end":{"line":423,"column":23}},"155":{"start":{"line":401,"column":20},"end":{"line":418,"column":21}},"156":{"start":{"line":403,"column":24},"end":{"line":414,"column":25}},"157":{"start":{"line":404,"column":28},"end":{"line":404,"column":51}},"158":{"start":{"line":405,"column":31},"end":{"line":414,"column":25}},"159":{"start":{"line":406,"column":28},"end":{"line":406,"column":50}},"160":{"start":{"line":408,"column":28},"end":{"line":408,"column":62}},"161":{"start":{"line":409,"column":28},"end":{"line":413,"column":35}},"162":{"start":{"line":411,"column":36},"end":{"line":411,"column":60}},"163":{"start":{"line":412,"column":36},"end":{"line":412,"column":43}},"164":{"start":{"line":417,"column":24},"end":{"line":417,"column":46}},"165":{"start":{"line":421,"column":24},"end":{"line":421,"column":68}},"166":{"start":{"line":422,"column":24},"end":{"line":422,"column":31}},"167":{"start":{"line":428,"column":12},"end":{"line":428,"column":30}},"168":{"start":{"line":434,"column":8},"end":{"line":443,"column":9}},"169":{"start":{"line":435,"column":27},"end":{"line":435,"column":85}},"170":{"start":{"line":436,"column":12},"end":{"line":440,"column":13}},"171":{"start":{"line":437,"column":16},"end":{"line":437,"column":40}},"172":{"start":{"line":439,"column":16},"end":{"line":439,"column":83}},"173":{"start":{"line":442,"column":12},"end":{"line":442,"column":24}},"174":{"start":{"line":447,"column":8},"end":{"line":462,"column":9}},"175":{"start":{"line":448,"column":27},"end":{"line":448,"column":85}},"176":{"start":{"line":449,"column":12},"end":{"line":459,"column":13}},"177":{"start":{"line":450,"column":30},"end":{"line":450,"column":95}},"178":{"start":{"line":451,"column":16},"end":{"line":456,"column":17}},"179":{"start":{"line":452,"column":20},"end":{"line":452,"column":55}},"180":{"start":{"line":453,"column":20},"end":{"line":453,"column":40}},"181":{"start":{"line":455,"column":20},"end":{"line":455,"column":72}},"182":{"start":{"line":458,"column":16},"end":{"line":458,"column":56}},"183":{"start":{"line":461,"column":12},"end":{"line":461,"column":24}},"184":{"start":{"line":466,"column":8},"end":{"line":475,"column":9}},"185":{"start":{"line":467,"column":27},"end":{"line":467,"column":56}},"186":{"start":{"line":468,"column":12},"end":{"line":472,"column":13}},"187":{"start":{"line":469,"column":16},"end":{"line":469,"column":56}},"188":{"start":{"line":471,"column":16},"end":{"line":471,"column":86}},"189":{"start":{"line":474,"column":12},"end":{"line":474,"column":30}},"190":{"start":{"line":481,"column":8},"end":{"line":489,"column":11}},"191":{"start":{"line":482,"column":12},"end":{"line":488,"column":23}},"192":{"start":{"line":484,"column":20},"end":{"line":484,"column":36}},"193":{"start":{"line":487,"column":24},"end":{"line":487,"column":94}},"194":{"start":{"line":493,"column":8},"end":{"line":505,"column":11}},"195":{"start":{"line":494,"column":12},"end":{"line":504,"column":19}},"196":{"start":{"line":496,"column":20},"end":{"line":500,"column":21}},"197":{"start":{"line":497,"column":24},"end":{"line":497,"column":114}},"198":{"start":{"line":499,"column":24},"end":{"line":499,"column":38}},"199":{"start":{"line":503,"column":20},"end":{"line":503,"column":88}},"200":{"start":{"line":509,"column":8},"end":{"line":521,"column":11}},"201":{"start":{"line":510,"column":10},"end":{"line":520,"column":15}},"202":{"start":{"line":512,"column":14},"end":{"line":516,"column":15}},"203":{"start":{"line":513,"column":16},"end":{"line":513,"column":60}},"204":{"start":{"line":515,"column":16},"end":{"line":515,"column":58}},"205":{"start":{"line":519,"column":14},"end":{"line":519,"column":77}},"206":{"start":{"line":529,"column":8},"end":{"line":529,"column":58}},"207":{"start":{"line":531,"column":22},"end":{"line":531,"column":94}},"208":{"start":{"line":532,"column":8},"end":{"line":536,"column":9}},"209":{"start":{"line":533,"column":12},"end":{"line":533,"column":24}},"210":{"start":{"line":535,"column":12},"end":{"line":535,"column":25}},"211":{"start":{"line":540,"column":8},"end":{"line":542,"column":11}},"212":{"start":{"line":546,"column":8},"end":{"line":548,"column":11}},"213":{"start":{"line":552,"column":8},"end":{"line":554,"column":11}},"214":{"start":{"line":559,"column":8},"end":{"line":569,"column":11}},"215":{"start":{"line":560,"column":8},"end":{"line":568,"column":15}},"216":{"start":{"line":563,"column":16},"end":{"line":563,"column":30}},"217":{"start":{"line":566,"column":16},"end":{"line":566,"column":115}},"218":{"start":{"line":567,"column":16},"end":{"line":567,"column":43}},"219":{"start":{"line":575,"column":0},"end":{"line":575,"column":27}}},"fnMap":{"0":{"name":"(anonymous_0)","decl":{"start":{"line":14,"column":4},"end":{"line":14,"column":5}},"loc":{"start":{"line":14,"column":29},"end":{"line":24,"column":5}},"line":14},"1":{"name":"(anonymous_1)","decl":{"start":{"line":15,"column":27},"end":{"line":15,"column":28}},"loc":{"start":{"line":15,"column":48},"end":{"line":23,"column":9}},"line":15},"2":{"name":"(anonymous_2)","decl":{"start":{"line":17,"column":22},"end":{"line":17,"column":23}},"loc":{"start":{"line":17,"column":41},"end":{"line":19,"column":17}},"line":17},"3":{"name":"(anonymous_3)","decl":{"start":{"line":20,"column":27},"end":{"line":20,"column":28}},"loc":{"start":{"line":20,"column":36},"end":{"line":22,"column":21}},"line":20},"4":{"name":"(anonymous_4)","decl":{"start":{"line":26,"column":4},"end":{"line":26,"column":5}},"loc":{"start":{"line":26,"column":40},"end":{"line":41,"column":9}},"line":26},"5":{"name":"(anonymous_5)","decl":{"start":{"line":27,"column":27},"end":{"line":27,"column":28}},"loc":{"start":{"line":27,"column":48},"end":{"line":40,"column":13}},"line":27},"6":{"name":"(anonymous_6)","decl":{"start":{"line":31,"column":22},"end":{"line":31,"column":23}},"loc":{"start":{"line":31,"column":41},"end":{"line":36,"column":17}},"line":31},"7":{"name":"(anonymous_7)","decl":{"start":{"line":32,"column":44},"end":{"line":32,"column":45}},"loc":{"start":{"line":32,"column":58},"end":{"line":34,"column":21}},"line":32},"8":{"name":"(anonymous_8)","decl":{"start":{"line":37,"column":31},"end":{"line":37,"column":32}},"loc":{"start":{"line":37,"column":40},"end":{"line":39,"column":25}},"line":37},"9":{"name":"(anonymous_9)","decl":{"start":{"line":43,"column":8},"end":{"line":43,"column":9}},"loc":{"start":{"line":43,"column":54},"end":{"line":58,"column":13}},"line":43},"10":{"name":"(anonymous_10)","decl":{"start":{"line":44,"column":31},"end":{"line":44,"column":32}},"loc":{"start":{"line":44,"column":52},"end":{"line":57,"column":17}},"line":44},"11":{"name":"(anonymous_11)","decl":{"start":{"line":48,"column":26},"end":{"line":48,"column":27}},"loc":{"start":{"line":48,"column":45},"end":{"line":53,"column":21}},"line":48},"12":{"name":"(anonymous_12)","decl":{"start":{"line":49,"column":48},"end":{"line":49,"column":49}},"loc":{"start":{"line":49,"column":62},"end":{"line":51,"column":25}},"line":49},"13":{"name":"(anonymous_13)","decl":{"start":{"line":54,"column":35},"end":{"line":54,"column":36}},"loc":{"start":{"line":54,"column":44},"end":{"line":56,"column":29}},"line":54},"14":{"name":"(anonymous_14)","decl":{"start":{"line":60,"column":4},"end":{"line":60,"column":5}},"loc":{"start":{"line":60,"column":42},"end":{"line":69,"column":5}},"line":60},"15":{"name":"(anonymous_15)","decl":{"start":{"line":62,"column":18},"end":{"line":62,"column":19}},"loc":{"start":{"line":62,"column":30},"end":{"line":68,"column":13}},"line":62},"16":{"name":"(anonymous_16)","decl":{"start":{"line":71,"column":4},"end":{"line":71,"column":5}},"loc":{"start":{"line":71,"column":47},"end":{"line":87,"column":5}},"line":71},"17":{"name":"(anonymous_17)","decl":{"start":{"line":72,"column":27},"end":{"line":72,"column":28}},"loc":{"start":{"line":72,"column":48},"end":{"line":86,"column":9}},"line":72},"18":{"name":"(anonymous_18)","decl":{"start":{"line":80,"column":22},"end":{"line":80,"column":23}},"loc":{"start":{"line":80,"column":34},"end":{"line":82,"column":17}},"line":80},"19":{"name":"(anonymous_19)","decl":{"start":{"line":83,"column":23},"end":{"line":83,"column":24}},"loc":{"start":{"line":83,"column":34},"end":{"line":85,"column":17}},"line":83},"20":{"name":"(anonymous_20)","decl":{"start":{"line":89,"column":4},"end":{"line":89,"column":5}},"loc":{"start":{"line":89,"column":34},"end":{"line":103,"column":5}},"line":89},"21":{"name":"(anonymous_21)","decl":{"start":{"line":90,"column":27},"end":{"line":90,"column":28}},"loc":{"start":{"line":90,"column":48},"end":{"line":102,"column":9}},"line":90},"22":{"name":"(anonymous_22)","decl":{"start":{"line":92,"column":22},"end":{"line":92,"column":23}},"loc":{"start":{"line":92,"column":34},"end":{"line":98,"column":17}},"line":92},"23":{"name":"(anonymous_23)","decl":{"start":{"line":99,"column":23},"end":{"line":99,"column":24}},"loc":{"start":{"line":99,"column":34},"end":{"line":101,"column":17}},"line":99},"24":{"name":"(anonymous_24)","decl":{"start":{"line":105,"column":4},"end":{"line":105,"column":5}},"loc":{"start":{"line":105,"column":33},"end":{"line":119,"column":5}},"line":105},"25":{"name":"(anonymous_25)","decl":{"start":{"line":106,"column":27},"end":{"line":106,"column":28}},"loc":{"start":{"line":106,"column":48},"end":{"line":118,"column":9}},"line":106},"26":{"name":"(anonymous_26)","decl":{"start":{"line":108,"column":22},"end":{"line":108,"column":23}},"loc":{"start":{"line":108,"column":34},"end":{"line":114,"column":17}},"line":108},"27":{"name":"(anonymous_27)","decl":{"start":{"line":115,"column":23},"end":{"line":115,"column":24}},"loc":{"start":{"line":115,"column":34},"end":{"line":117,"column":17}},"line":115},"28":{"name":"(anonymous_28)","decl":{"start":{"line":121,"column":4},"end":{"line":121,"column":5}},"loc":{"start":{"line":121,"column":29},"end":{"line":135,"column":5}},"line":121},"29":{"name":"(anonymous_29)","decl":{"start":{"line":122,"column":27},"end":{"line":122,"column":28}},"loc":{"start":{"line":122,"column":48},"end":{"line":134,"column":9}},"line":122},"30":{"name":"(anonymous_30)","decl":{"start":{"line":124,"column":22},"end":{"line":124,"column":23}},"loc":{"start":{"line":124,"column":34},"end":{"line":130,"column":17}},"line":124},"31":{"name":"(anonymous_31)","decl":{"start":{"line":131,"column":23},"end":{"line":131,"column":24}},"loc":{"start":{"line":131,"column":34},"end":{"line":133,"column":17}},"line":131},"32":{"name":"(anonymous_32)","decl":{"start":{"line":137,"column":4},"end":{"line":137,"column":5}},"loc":{"start":{"line":137,"column":35},"end":{"line":160,"column":5}},"line":137},"33":{"name":"(anonymous_33)","decl":{"start":{"line":138,"column":27},"end":{"line":138,"column":28}},"loc":{"start":{"line":138,"column":48},"end":{"line":159,"column":9}},"line":138},"34":{"name":"(anonymous_34)","decl":{"start":{"line":142,"column":20},"end":{"line":142,"column":21}},"loc":{"start":{"line":142,"column":34},"end":{"line":155,"column":13}},"line":142},"35":{"name":"(anonymous_35)","decl":{"start":{"line":145,"column":43},"end":{"line":145,"column":44}},"loc":{"start":{"line":145,"column":49},"end":{"line":145,"column":77}},"line":145},"36":{"name":"(anonymous_36)","decl":{"start":{"line":153,"column":46},"end":{"line":153,"column":47}},"loc":{"start":{"line":153,"column":52},"end":{"line":153,"column":80}},"line":153},"37":{"name":"(anonymous_37)","decl":{"start":{"line":156,"column":19},"end":{"line":156,"column":20}},"loc":{"start":{"line":156,"column":28},"end":{"line":158,"column":13}},"line":156},"38":{"name":"(anonymous_38)","decl":{"start":{"line":162,"column":4},"end":{"line":162,"column":5}},"loc":{"start":{"line":162,"column":35},"end":{"line":173,"column":5}},"line":162},"39":{"name":"(anonymous_39)","decl":{"start":{"line":163,"column":27},"end":{"line":163,"column":28}},"loc":{"start":{"line":163,"column":48},"end":{"line":172,"column":9}},"line":163},"40":{"name":"(anonymous_40)","decl":{"start":{"line":165,"column":22},"end":{"line":165,"column":23}},"loc":{"start":{"line":165,"column":31},"end":{"line":167,"column":17}},"line":165},"41":{"name":"(anonymous_41)","decl":{"start":{"line":168,"column":23},"end":{"line":168,"column":24}},"loc":{"start":{"line":168,"column":32},"end":{"line":171,"column":17}},"line":168},"42":{"name":"(anonymous_42)","decl":{"start":{"line":175,"column":4},"end":{"line":175,"column":5}},"loc":{"start":{"line":175,"column":94},"end":{"line":225,"column":5}},"line":175},"43":{"name":"(anonymous_43)","decl":{"start":{"line":176,"column":27},"end":{"line":176,"column":28}},"loc":{"start":{"line":176,"column":48},"end":{"line":224,"column":9}},"line":176},"44":{"name":"(anonymous_44)","decl":{"start":{"line":179,"column":18},"end":{"line":179,"column":19}},"loc":{"start":{"line":179,"column":33},"end":{"line":204,"column":13}},"line":179},"45":{"name":"(anonymous_45)","decl":{"start":{"line":199,"column":30},"end":{"line":199,"column":31}},"loc":{"start":{"line":199,"column":36},"end":{"line":199,"column":67}},"line":199},"46":{"name":"(anonymous_46)","decl":{"start":{"line":205,"column":18},"end":{"line":205,"column":19}},"loc":{"start":{"line":205,"column":30},"end":{"line":219,"column":13}},"line":205},"47":{"name":"(anonymous_47)","decl":{"start":{"line":220,"column":19},"end":{"line":220,"column":20}},"loc":{"start":{"line":220,"column":30},"end":{"line":223,"column":13}},"line":220},"48":{"name":"(anonymous_48)","decl":{"start":{"line":227,"column":4},"end":{"line":227,"column":5}},"loc":{"start":{"line":227,"column":33},"end":{"line":242,"column":5}},"line":227},"49":{"name":"(anonymous_49)","decl":{"start":{"line":228,"column":27},"end":{"line":228,"column":28}},"loc":{"start":{"line":228,"column":48},"end":{"line":241,"column":9}},"line":228},"50":{"name":"(anonymous_50)","decl":{"start":{"line":230,"column":18},"end":{"line":230,"column":19}},"loc":{"start":{"line":230,"column":30},"end":{"line":236,"column":13}},"line":230},"51":{"name":"(anonymous_51)","decl":{"start":{"line":237,"column":19},"end":{"line":237,"column":20}},"loc":{"start":{"line":237,"column":30},"end":{"line":240,"column":13}},"line":237},"52":{"name":"(anonymous_52)","decl":{"start":{"line":244,"column":4},"end":{"line":244,"column":5}},"loc":{"start":{"line":244,"column":36},"end":{"line":259,"column":5}},"line":244},"53":{"name":"(anonymous_53)","decl":{"start":{"line":245,"column":27},"end":{"line":245,"column":28}},"loc":{"start":{"line":245,"column":48},"end":{"line":258,"column":9}},"line":245},"54":{"name":"(anonymous_54)","decl":{"start":{"line":247,"column":22},"end":{"line":247,"column":23}},"loc":{"start":{"line":247,"column":34},"end":{"line":253,"column":17}},"line":247},"55":{"name":"(anonymous_55)","decl":{"start":{"line":254,"column":23},"end":{"line":254,"column":24}},"loc":{"start":{"line":254,"column":34},"end":{"line":257,"column":17}},"line":254},"56":{"name":"(anonymous_56)","decl":{"start":{"line":261,"column":4},"end":{"line":261,"column":5}},"loc":{"start":{"line":261,"column":29},"end":{"line":275,"column":5}},"line":261},"57":{"name":"(anonymous_57)","decl":{"start":{"line":262,"column":27},"end":{"line":262,"column":28}},"loc":{"start":{"line":262,"column":48},"end":{"line":274,"column":9}},"line":262},"58":{"name":"(anonymous_58)","decl":{"start":{"line":268,"column":22},"end":{"line":268,"column":23}},"loc":{"start":{"line":268,"column":28},"end":{"line":270,"column":17}},"line":268},"59":{"name":"(anonymous_59)","decl":{"start":{"line":271,"column":23},"end":{"line":271,"column":24}},"loc":{"start":{"line":271,"column":32},"end":{"line":273,"column":17}},"line":271},"60":{"name":"(anonymous_60)","decl":{"start":{"line":277,"column":4},"end":{"line":277,"column":5}},"loc":{"start":{"line":277,"column":30},"end":{"line":287,"column":5}},"line":277},"61":{"name":"(anonymous_61)","decl":{"start":{"line":278,"column":27},"end":{"line":278,"column":28}},"loc":{"start":{"line":278,"column":48},"end":{"line":286,"column":9}},"line":278},"62":{"name":"(anonymous_62)","decl":{"start":{"line":280,"column":22},"end":{"line":280,"column":23}},"loc":{"start":{"line":280,"column":28},"end":{"line":282,"column":17}},"line":280},"63":{"name":"(anonymous_63)","decl":{"start":{"line":283,"column":23},"end":{"line":283,"column":24}},"loc":{"start":{"line":283,"column":32},"end":{"line":285,"column":17}},"line":283},"64":{"name":"(anonymous_64)","decl":{"start":{"line":289,"column":4},"end":{"line":289,"column":5}},"loc":{"start":{"line":289,"column":42},"end":{"line":300,"column":5}},"line":289},"65":{"name":"(anonymous_65)","decl":{"start":{"line":291,"column":27},"end":{"line":291,"column":28}},"loc":{"start":{"line":291,"column":48},"end":{"line":299,"column":9}},"line":291},"66":{"name":"(anonymous_66)","decl":{"start":{"line":293,"column":22},"end":{"line":293,"column":23}},"loc":{"start":{"line":293,"column":37},"end":{"line":295,"column":17}},"line":293},"67":{"name":"(anonymous_67)","decl":{"start":{"line":296,"column":27},"end":{"line":296,"column":28}},"loc":{"start":{"line":296,"column":36},"end":{"line":298,"column":21}},"line":296},"68":{"name":"(anonymous_68)","decl":{"start":{"line":302,"column":4},"end":{"line":302,"column":5}},"loc":{"start":{"line":302,"column":42},"end":{"line":313,"column":5}},"line":302},"69":{"name":"(anonymous_69)","decl":{"start":{"line":304,"column":27},"end":{"line":304,"column":28}},"loc":{"start":{"line":304,"column":48},"end":{"line":312,"column":9}},"line":304},"70":{"name":"(anonymous_70)","decl":{"start":{"line":306,"column":22},"end":{"line":306,"column":23}},"loc":{"start":{"line":306,"column":37},"end":{"line":308,"column":17}},"line":306},"71":{"name":"(anonymous_71)","decl":{"start":{"line":309,"column":27},"end":{"line":309,"column":28}},"loc":{"start":{"line":309,"column":36},"end":{"line":311,"column":21}},"line":309},"72":{"name":"(anonymous_72)","decl":{"start":{"line":315,"column":4},"end":{"line":315,"column":5}},"loc":{"start":{"line":315,"column":39},"end":{"line":336,"column":5}},"line":315},"73":{"name":"(anonymous_73)","decl":{"start":{"line":317,"column":27},"end":{"line":317,"column":28}},"loc":{"start":{"line":317,"column":48},"end":{"line":335,"column":9}},"line":317},"74":{"name":"(anonymous_74)","decl":{"start":{"line":329,"column":22},"end":{"line":329,"column":23}},"loc":{"start":{"line":329,"column":28},"end":{"line":331,"column":17}},"line":329},"75":{"name":"(anonymous_75)","decl":{"start":{"line":332,"column":27},"end":{"line":332,"column":28}},"loc":{"start":{"line":332,"column":36},"end":{"line":334,"column":21}},"line":332},"76":{"name":"(anonymous_76)","decl":{"start":{"line":338,"column":4},"end":{"line":338,"column":5}},"loc":{"start":{"line":338,"column":37},"end":{"line":345,"column":5}},"line":338},"77":{"name":"(anonymous_77)","decl":{"start":{"line":347,"column":4},"end":{"line":347,"column":5}},"loc":{"start":{"line":347,"column":46},"end":{"line":358,"column":5}},"line":347},"78":{"name":"(anonymous_78)","decl":{"start":{"line":360,"column":4},"end":{"line":360,"column":5}},"loc":{"start":{"line":360,"column":63},"end":{"line":375,"column":5}},"line":360},"79":{"name":"(anonymous_79)","decl":{"start":{"line":377,"column":4},"end":{"line":377,"column":5}},"loc":{"start":{"line":377,"column":50},"end":{"line":388,"column":5}},"line":377},"80":{"name":"(anonymous_80)","decl":{"start":{"line":390,"column":4},"end":{"line":390,"column":5}},"loc":{"start":{"line":390,"column":45},"end":{"line":431,"column":5}},"line":390},"81":{"name":"(anonymous_81)","decl":{"start":{"line":393,"column":31},"end":{"line":393,"column":32}},"loc":{"start":{"line":393,"column":52},"end":{"line":425,"column":13}},"line":393},"82":{"name":"(anonymous_82)","decl":{"start":{"line":399,"column":22},"end":{"line":399,"column":23}},"loc":{"start":{"line":399,"column":32},"end":{"line":419,"column":17}},"line":399},"83":{"name":"(anonymous_83)","decl":{"start":{"line":410,"column":38},"end":{"line":410,"column":39}},"loc":{"start":{"line":410,"column":44},"end":{"line":413,"column":33}},"line":410},"84":{"name":"(anonymous_84)","decl":{"start":{"line":420,"column":27},"end":{"line":420,"column":28}},"loc":{"start":{"line":420,"column":36},"end":{"line":423,"column":21}},"line":420},"85":{"name":"(anonymous_85)","decl":{"start":{"line":433,"column":4},"end":{"line":433,"column":5}},"loc":{"start":{"line":433,"column":48},"end":{"line":444,"column":5}},"line":433},"86":{"name":"(anonymous_86)","decl":{"start":{"line":446,"column":4},"end":{"line":446,"column":5}},"loc":{"start":{"line":446,"column":58},"end":{"line":463,"column":5}},"line":446},"87":{"name":"(anonymous_87)","decl":{"start":{"line":465,"column":4},"end":{"line":465,"column":5}},"loc":{"start":{"line":465,"column":39},"end":{"line":476,"column":5}},"line":465},"88":{"name":"(anonymous_88)","decl":{"start":{"line":480,"column":4},"end":{"line":480,"column":5}},"loc":{"start":{"line":480,"column":40},"end":{"line":490,"column":5}},"line":480},"89":{"name":"(anonymous_89)","decl":{"start":{"line":481,"column":27},"end":{"line":481,"column":28}},"loc":{"start":{"line":481,"column":48},"end":{"line":489,"column":9}},"line":481},"90":{"name":"(anonymous_90)","decl":{"start":{"line":483,"column":22},"end":{"line":483,"column":23}},"loc":{"start":{"line":483,"column":32},"end":{"line":485,"column":17}},"line":483},"91":{"name":"(anonymous_91)","decl":{"start":{"line":486,"column":27},"end":{"line":486,"column":28}},"loc":{"start":{"line":486,"column":36},"end":{"line":488,"column":21}},"line":486},"92":{"name":"(anonymous_92)","decl":{"start":{"line":492,"column":4},"end":{"line":492,"column":5}},"loc":{"start":{"line":492,"column":35},"end":{"line":506,"column":5}},"line":492},"93":{"name":"(anonymous_93)","decl":{"start":{"line":493,"column":27},"end":{"line":493,"column":28}},"loc":{"start":{"line":493,"column":48},"end":{"line":505,"column":9}},"line":493},"94":{"name":"(anonymous_94)","decl":{"start":{"line":495,"column":22},"end":{"line":495,"column":23}},"loc":{"start":{"line":495,"column":34},"end":{"line":501,"column":17}},"line":495},"95":{"name":"(anonymous_95)","decl":{"start":{"line":502,"column":23},"end":{"line":502,"column":24}},"loc":{"start":{"line":502,"column":34},"end":{"line":504,"column":17}},"line":502},"96":{"name":"(anonymous_96)","decl":{"start":{"line":508,"column":4},"end":{"line":508,"column":5}},"loc":{"start":{"line":508,"column":55},"end":{"line":522,"column":5}},"line":508},"97":{"name":"(anonymous_97)","decl":{"start":{"line":509,"column":27},"end":{"line":509,"column":28}},"loc":{"start":{"line":509,"column":48},"end":{"line":521,"column":9}},"line":509},"98":{"name":"(anonymous_98)","decl":{"start":{"line":511,"column":18},"end":{"line":511,"column":19}},"loc":{"start":{"line":511,"column":30},"end":{"line":517,"column":13}},"line":511},"99":{"name":"(anonymous_99)","decl":{"start":{"line":518,"column":19},"end":{"line":518,"column":20}},"loc":{"start":{"line":518,"column":30},"end":{"line":520,"column":13}},"line":518},"100":{"name":"(anonymous_100)","decl":{"start":{"line":528,"column":4},"end":{"line":528,"column":5}},"loc":{"start":{"line":528,"column":59},"end":{"line":537,"column":5}},"line":528},"101":{"name":"(anonymous_101)","decl":{"start":{"line":539,"column":4},"end":{"line":539,"column":5}},"loc":{"start":{"line":539,"column":55},"end":{"line":543,"column":5}},"line":539},"102":{"name":"(anonymous_102)","decl":{"start":{"line":545,"column":4},"end":{"line":545,"column":5}},"loc":{"start":{"line":545,"column":49},"end":{"line":549,"column":5}},"line":545},"103":{"name":"(anonymous_103)","decl":{"start":{"line":551,"column":4},"end":{"line":551,"column":5}},"loc":{"start":{"line":551,"column":55},"end":{"line":555,"column":5}},"line":551},"104":{"name":"(anonymous_104)","decl":{"start":{"line":558,"column":6},"end":{"line":558,"column":7}},"loc":{"start":{"line":558,"column":57},"end":{"line":570,"column":5}},"line":558},"105":{"name":"(anonymous_105)","decl":{"start":{"line":559,"column":27},"end":{"line":559,"column":28}},"loc":{"start":{"line":559,"column":47},"end":{"line":569,"column":9}},"line":559},"106":{"name":"(anonymous_106)","decl":{"start":{"line":562,"column":18},"end":{"line":562,"column":19}},"loc":{"start":{"line":562,"column":26},"end":{"line":564,"column":13}},"line":562},"107":{"name":"(anonymous_107)","decl":{"start":{"line":565,"column":19},"end":{"line":565,"column":20}},"loc":{"start":{"line":565,"column":28},"end":{"line":568,"column":13}},"line":565}},"branchMap":{"0":{"loc":{"start":{"line":63,"column":16},"end":{"line":67,"column":17}},"type":"if","locations":[{"start":{"line":63,"column":16},"end":{"line":67,"column":17}},{"start":{"line":65,"column":23},"end":{"line":67,"column":17}}],"line":63},"1":{"loc":{"start":{"line":93,"column":20},"end":{"line":97,"column":21}},"type":"if","locations":[{"start":{"line":93,"column":20},"end":{"line":97,"column":21}},{"start":{"line":95,"column":27},"end":{"line":97,"column":21}}],"line":93},"2":{"loc":{"start":{"line":109,"column":20},"end":{"line":113,"column":21}},"type":"if","locations":[{"start":{"line":109,"column":20},"end":{"line":113,"column":21}},{"start":{"line":111,"column":27},"end":{"line":113,"column":21}}],"line":109},"3":{"loc":{"start":{"line":125,"column":20},"end":{"line":129,"column":21}},"type":"if","locations":[{"start":{"line":125,"column":20},"end":{"line":129,"column":21}},{"start":{"line":127,"column":27},"end":{"line":129,"column":21}}],"line":125},"4":{"loc":{"start":{"line":143,"column":16},"end":{"line":154,"column":17}},"type":"if","locations":[{"start":{"line":143,"column":16},"end":{"line":154,"column":17}},{"start":{"line":146,"column":23},"end":{"line":154,"column":17}}],"line":143},"5":{"loc":{"start":{"line":181,"column":16},"end":{"line":203,"column":17}},"type":"if","locations":[{"start":{"line":181,"column":16},"end":{"line":203,"column":17}},{"start":{"line":187,"column":23},"end":{"line":203,"column":17}}],"line":181},"6":{"loc":{"start":{"line":182,"column":20},"end":{"line":186,"column":21}},"type":"if","locations":[{"start":{"line":182,"column":20},"end":{"line":186,"column":21}},{"start":{"line":184,"column":27},"end":{"line":186,"column":21}}],"line":182},"7":{"loc":{"start":{"line":189,"column":29},"end":{"line":189,"column":70}},"type":"cond-expr","locations":[{"start":{"line":189,"column":35},"end":{"line":189,"column":38}},{"start":{"line":189,"column":41},"end":{"line":189,"column":70}}],"line":189},"8":{"loc":{"start":{"line":197,"column":20},"end":{"line":202,"column":21}},"type":"if","locations":[{"start":{"line":197,"column":20},"end":{"line":202,"column":21}},{"start":{"line":200,"column":27},"end":{"line":202,"column":21}}],"line":197},"9":{"loc":{"start":{"line":206,"column":16},"end":{"line":218,"column":17}},"type":"if","locations":[{"start":{"line":206,"column":16},"end":{"line":218,"column":17}},{"start":{"line":208,"column":23},"end":{"line":218,"column":17}}],"line":206},"10":{"loc":{"start":{"line":206,"column":20},"end":{"line":206,"column":54}},"type":"binary-expr","locations":[{"start":{"line":206,"column":20},"end":{"line":206,"column":27}},{"start":{"line":206,"column":31},"end":{"line":206,"column":54}}],"line":206},"11":{"loc":{"start":{"line":208,"column":23},"end":{"line":218,"column":17}},"type":"if","locations":[{"start":{"line":208,"column":23},"end":{"line":218,"column":17}},{"start":{"line":216,"column":23},"end":{"line":218,"column":17}}],"line":208},"12":{"loc":{"start":{"line":208,"column":27},"end":{"line":208,"column":45}},"type":"binary-expr","locations":[{"start":{"line":208,"column":27},"end":{"line":208,"column":35}},{"start":{"line":208,"column":39},"end":{"line":208,"column":45}}],"line":208},"13":{"loc":{"start":{"line":209,"column":24},"end":{"line":215,"column":25}},"type":"if","locations":[{"start":{"line":209,"column":24},"end":{"line":215,"column":25}},{"start":{"line":212,"column":31},"end":{"line":215,"column":25}}],"line":209},"14":{"loc":{"start":{"line":231,"column":14},"end":{"line":235,"column":15}},"type":"if","locations":[{"start":{"line":231,"column":14},"end":{"line":235,"column":15}},{"start":{"line":233,"column":21},"end":{"line":235,"column":15}}],"line":231},"15":{"loc":{"start":{"line":248,"column":20},"end":{"line":252,"column":21}},"type":"if","locations":[{"start":{"line":248,"column":20},"end":{"line":252,"column":21}},{"start":{"line":250,"column":27},"end":{"line":252,"column":21}}],"line":248},"16":{"loc":{"start":{"line":350,"column":12},"end":{"line":354,"column":13}},"type":"if","locations":[{"start":{"line":350,"column":12},"end":{"line":354,"column":13}},{"start":{"line":352,"column":19},"end":{"line":354,"column":13}}],"line":350},"17":{"loc":{"start":{"line":363,"column":12},"end":{"line":371,"column":13}},"type":"if","locations":[{"start":{"line":363,"column":12},"end":{"line":371,"column":13}},{"start":{"line":369,"column":19},"end":{"line":371,"column":13}}],"line":363},"18":{"loc":{"start":{"line":364,"column":16},"end":{"line":368,"column":17}},"type":"if","locations":[{"start":{"line":364,"column":16},"end":{"line":368,"column":17}},{"start":{"line":366,"column":23},"end":{"line":368,"column":17}}],"line":364},"19":{"loc":{"start":{"line":380,"column":12},"end":{"line":384,"column":13}},"type":"if","locations":[{"start":{"line":380,"column":12},"end":{"line":384,"column":13}},{"start":{"line":382,"column":19},"end":{"line":384,"column":13}}],"line":380},"20":{"loc":{"start":{"line":401,"column":20},"end":{"line":418,"column":21}},"type":"if","locations":[{"start":{"line":401,"column":20},"end":{"line":418,"column":21}},{"start":{"line":416,"column":27},"end":{"line":418,"column":21}}],"line":401},"21":{"loc":{"start":{"line":403,"column":24},"end":{"line":414,"column":25}},"type":"if","locations":[{"start":{"line":403,"column":24},"end":{"line":414,"column":25}},{"start":{"line":405,"column":31},"end":{"line":414,"column":25}}],"line":403},"22":{"loc":{"start":{"line":405,"column":31},"end":{"line":414,"column":25}},"type":"if","locations":[{"start":{"line":405,"column":31},"end":{"line":414,"column":25}},{"start":{"line":407,"column":31},"end":{"line":414,"column":25}}],"line":405},"23":{"loc":{"start":{"line":436,"column":12},"end":{"line":440,"column":13}},"type":"if","locations":[{"start":{"line":436,"column":12},"end":{"line":440,"column":13}},{"start":{"line":438,"column":19},"end":{"line":440,"column":13}}],"line":436},"24":{"loc":{"start":{"line":449,"column":12},"end":{"line":459,"column":13}},"type":"if","locations":[{"start":{"line":449,"column":12},"end":{"line":459,"column":13}},{"start":{"line":457,"column":19},"end":{"line":459,"column":13}}],"line":449},"25":{"loc":{"start":{"line":451,"column":16},"end":{"line":456,"column":17}},"type":"if","locations":[{"start":{"line":451,"column":16},"end":{"line":456,"column":17}},{"start":{"line":454,"column":23},"end":{"line":456,"column":17}}],"line":451},"26":{"loc":{"start":{"line":468,"column":12},"end":{"line":472,"column":13}},"type":"if","locations":[{"start":{"line":468,"column":12},"end":{"line":472,"column":13}},{"start":{"line":470,"column":19},"end":{"line":472,"column":13}}],"line":468},"27":{"loc":{"start":{"line":496,"column":20},"end":{"line":500,"column":21}},"type":"if","locations":[{"start":{"line":496,"column":20},"end":{"line":500,"column":21}},{"start":{"line":498,"column":27},"end":{"line":500,"column":21}}],"line":496},"28":{"loc":{"start":{"line":512,"column":14},"end":{"line":516,"column":15}},"type":"if","locations":[{"start":{"line":512,"column":14},"end":{"line":516,"column":15}},{"start":{"line":514,"column":21},"end":{"line":516,"column":15}}],"line":512},"29":{"loc":{"start":{"line":532,"column":8},"end":{"line":536,"column":9}},"type":"if","locations":[{"start":{"line":532,"column":8},"end":{"line":536,"column":9}},{"start":{"line":534,"column":15},"end":{"line":536,"column":9}}],"line":532}},"s":{"0":1,"1":1,"2":1,"3":1,"4":1,"5":1,"6":1,"7":0,"8":0,"9":0,"10":0,"11":0,"12":0,"13":0,"14":0,"15":0,"16":0,"17":0,"18":0,"19":0,"20":0,"21":0,"22":0,"23":0,"24":0,"25":0,"26":0,"27":0,"28":0,"29":0,"30":0,"31":0,"32":0,"33":0,"34":0,"35":0,"36":0,"37":0,"38":0,"39":0,"40":0,"41":0,"42":0,"43":0,"44":0,"45":0,"46":0,"47":0,"48":0,"49":0,"50":0,"51":0,"52":0,"53":0,"54":0,"55":0,"56":0,"57":0,"58":0,"59":0,"60":0,"61":0,"62":0,"63":0,"64":0,"65":0,"66":0,"67":0,"68":0,"69":0,"70":0,"71":0,"72":0,"73":0,"74":0,"75":0,"76":0,"77":0,"78":0,"79":0,"80":0,"81":0,"82":0,"83":0,"84":0,"85":0,"86":0,"87":0,"88":0,"89":0,"90":0,"91":0,"92":0,"93":0,"94":0,"95":0,"96":0,"97":0,"98":0,"99":0,"100":0,"101":0,"102":0,"103":0,"104":0,"105":0,"106":0,"107":0,"108":0,"109":0,"110":0,"111":0,"112":0,"113":0,"114":0,"115":0,"116":0,"117":0,"118":0,"119":0,"120":0,"121":0,"122":0,"123":0,"124":0,"125":0,"126":0,"127":0,"128":0,"129":0,"130":0,"131":0,"132":0,"133":0,"134":0,"135":0,"136":0,"137":0,"138":0,"139":0,"140":0,"141":0,"142":0,"143":0,"144":0,"145":0,"146":0,"147":0,"148":0,"149":0,"150":0,"151":0,"152":0,"153":0,"154":0,"155":0,"156":0,"157":0,"158":0,"159":0,"160":0,"161":0,"162":0,"163":0,"164":0,"165":0,"166":0,"167":0,"168":0,"169":0,"170":0,"171":0,"172":0,"173":0,"174":0,"175":0,"176":0,"177":0,"178":0,"179":0,"180":0,"181":0,"182":0,"183":0,"184":0,"185":0,"186":0,"187":0,"188":0,"189":0,"190":0,"191":0,"192":0,"193":0,"194":0,"195":0,"196":0,"197":0,"198":0,"199":0,"200":0,"201":0,"202":0,"203":0,"204":0,"205":0,"206":0,"207":0,"208":0,"209":0,"210":0,"211":0,"212":0,"213":0,"214":0,"215":0,"216":0,"217":0,"218":0,"219":1},"f":{"0":0,"1":0,"2":0,"3":0,"4":0,"5":0,"6":0,"7":0,"8":0,"9":0,"10":0,"11":0,"12":0,"13":0,"14":0,"15":0,"16":0,"17":0,"18":0,"19":0,"20":0,"21":0,"22":0,"23":0,"24":0,"25":0,"26":0,"27":0,"28":0,"29":0,"30":0,"31":0,"32":0,"33":0,"34":0,"35":0,"36":0,"37":0,"38":0,"39":0,"40":0,"41":0,"42":0,"43":0,"44":0,"45":0,"46":0,"47":0,"48":0,"49":0,"50":0,"51":0,"52":0,"53":0,"54":0,"55":0,"56":0,"57":0,"58":0,"59":0,"60":0,"61":0,"62":0,"63":0,"64":0,"65":0,"66":0,"67":0,"68":0,"69":0,"70":0,"71":0,"72":0,"73":0,"74":0,"75":0,"76":0,"77":0,"78":0,"79":0,"80":0,"81":0,"82":0,"83":0,"84":0,"85":0,"86":0,"87":0,"88":0,"89":0,"90":0,"91":0,"92":0,"93":0,"94":0,"95":0,"96":0,"97":0,"98":0,"99":0,"100":0,"101":0,"102":0,"103":0,"104":0,"105":0,"106":0,"107":0},"b":{"0":[0,0],"1":[0,0],"2":[0,0],"3":[0,0],"4":[0,0],"5":[0,0],"6":[0,0],"7":[0,0],"8":[0,0],"9":[0,0],"10":[0,0],"11":[0,0],"12":[0,0],"13":[0,0],"14":[0,0],"15":[0,0],"16":[0,0],"17":[0,0],"18":[0,0],"19":[0,0],"20":[0,0],"21":[0,0],"22":[0,0],"23":[0,0],"24":[0,0],"25":[0,0],"26":[0,0],"27":[0,0],"28":[0,0],"29":[0,0]},"_coverageSchema":"1a1c01bbd47fc00a2c39e90264f33305004495a9","hash":"29a6168b3940a16568f52081f657031f6fc41f7f"}
,"C:\\Users\\haroo\\github\\Chron\\server\\src\\components\\gestoreEmail\\gestoreEmail.js": {"path":"C:\\Users\\haroo\\github\\Chron\\server\\src\\components\\gestoreEmail\\gestoreEmail.js","statementMap":{"0":{"start":{"line":1,"column":19},"end":{"line":1,"column":40}},"1":{"start":{"line":2,"column":31},"end":{"line":2,"column":126}},"2":{"start":{"line":3,"column":30},"end":{"line":3,"column":124}},"3":{"start":{"line":4,"column":28},"end":{"line":4,"column":125}},"4":{"start":{"line":5,"column":28},"end":{"line":5,"column":125}},"5":{"start":{"line":6,"column":38},"end":{"line":6,"column":141}},"6":{"start":{"line":7,"column":26},"end":{"line":7,"column":117}},"7":{"start":{"line":11,"column":20},"end":{"line":19,"column":2}},"8":{"start":{"line":25,"column":4},"end":{"line":38,"column":5}},"9":{"start":{"line":26,"column":26},"end":{"line":31,"column":7}},"10":{"start":{"line":33,"column":6},"end":{"line":33,"column":46}},"11":{"start":{"line":37,"column":6},"end":{"line":37,"column":68}},"12":{"start":{"line":42,"column":32},"end":{"line":46,"column":48}},"13":{"start":{"line":47,"column":6},"end":{"line":47,"column":76}},"14":{"start":{"line":51,"column":30},"end":{"line":55,"column":58}},"15":{"start":{"line":56,"column":4},"end":{"line":56,"column":74}},"16":{"start":{"line":60,"column":30},"end":{"line":60,"column":91}},"17":{"start":{"line":61,"column":4},"end":{"line":61,"column":74}},"18":{"start":{"line":65,"column":30},"end":{"line":65,"column":113}},"19":{"start":{"line":66,"column":4},"end":{"line":66,"column":74}},"20":{"start":{"line":70,"column":30},"end":{"line":70,"column":119}},"21":{"start":{"line":71,"column":4},"end":{"line":71,"column":74}},"22":{"start":{"line":75,"column":4},"end":{"line":75,"column":74}},"23":{"start":{"line":81,"column":0},"end":{"line":81,"column":29}}},"fnMap":{"0":{"name":"(anonymous_0)","decl":{"start":{"line":24,"column":2},"end":{"line":24,"column":3}},"loc":{"start":{"line":24,"column":58},"end":{"line":39,"column":3}},"line":24},"1":{"name":"(anonymous_1)","decl":{"start":{"line":41,"column":2},"end":{"line":41,"column":3}},"loc":{"start":{"line":41,"column":105},"end":{"line":48,"column":3}},"line":41},"2":{"name":"(anonymous_2)","decl":{"start":{"line":50,"column":2},"end":{"line":50,"column":3}},"loc":{"start":{"line":50,"column":110},"end":{"line":57,"column":3}},"line":50},"3":{"name":"(anonymous_3)","decl":{"start":{"line":59,"column":2},"end":{"line":59,"column":3}},"loc":{"start":{"line":59,"column":72},"end":{"line":62,"column":3}},"line":59},"4":{"name":"(anonymous_4)","decl":{"start":{"line":64,"column":2},"end":{"line":64,"column":3}},"loc":{"start":{"line":64,"column":83},"end":{"line":67,"column":3}},"line":64},"5":{"name":"(anonymous_5)","decl":{"start":{"line":69,"column":2},"end":{"line":69,"column":3}},"loc":{"start":{"line":69,"column":91},"end":{"line":72,"column":3}},"line":69},"6":{"name":"(anonymous_6)","decl":{"start":{"line":74,"column":2},"end":{"line":74,"column":3}},"loc":{"start":{"line":74,"column":56},"end":{"line":76,"column":3}},"line":74}},"branchMap":{},"s":{"0":1,"1":1,"2":1,"3":1,"4":1,"5":1,"6":1,"7":1,"8":0,"9":0,"10":0,"11":0,"12":0,"13":0,"14":0,"15":0,"16":0,"17":0,"18":0,"19":0,"20":0,"21":0,"22":0,"23":1},"f":{"0":0,"1":0,"2":0,"3":0,"4":0,"5":0,"6":0},"b":{},"_coverageSchema":"1a1c01bbd47fc00a2c39e90264f33305004495a9","hash":"554f3d379c93f2e488535505d70fae56cb51825d"}
,"C:\\Users\\haroo\\github\\Chron\\server\\src\\components\\timer\\timerSettings.js": {"path":"C:\\Users\\haroo\\github\\Chron\\server\\src\\components\\timer\\timerSettings.js","statementMap":{"0":{"start":{"line":1,"column":0},"end":{"line":16,"column":1}},"1":{"start":{"line":4,"column":8},"end":{"line":4,"column":18}},"2":{"start":{"line":8,"column":8},"end":{"line":13,"column":9}}},"fnMap":{"0":{"name":"(anonymous_0)","decl":{"start":{"line":3,"column":4},"end":{"line":3,"column":5}},"loc":{"start":{"line":3,"column":38},"end":{"line":5,"column":5}},"line":3},"1":{"name":"(anonymous_1)","decl":{"start":{"line":7,"column":4},"end":{"line":7,"column":5}},"loc":{"start":{"line":7,"column":32},"end":{"line":14,"column":5}},"line":7}},"branchMap":{},"s":{"0":1,"1":0,"2":0},"f":{"0":0,"1":0},"b":{},"_coverageSchema":"1a1c01bbd47fc00a2c39e90264f33305004495a9","hash":"f5fffedd94a707917b2b932d0d31ef32ce56ce11"}
,"C:\\Users\\haroo\\github\\Chron\\server\\src\\components\\to-do\\listaTasks.js": {"path":"C:\\Users\\haroo\\github\\Chron\\server\\src\\components\\to-do\\listaTasks.js","statementMap":{"0":{"start":{"line":1,"column":13},"end":{"line":1,"column":30}},"1":{"start":{"line":2,"column":20},"end":{"line":2,"column":53}},"2":{"start":{"line":7,"column":4},"end":{"line":7,"column":31}},"3":{"start":{"line":8,"column":4},"end":{"line":8,"column":20}},"4":{"start":{"line":12,"column":4},"end":{"line":38,"column":5}},"5":{"start":{"line":14,"column":6},"end":{"line":14,"column":46}},"6":{"start":{"line":17,"column":20},"end":{"line":17,"column":64}},"7":{"start":{"line":20,"column":6},"end":{"line":33,"column":7}},"8":{"start":{"line":21,"column":26},"end":{"line":21,"column":80}},"9":{"start":{"line":22,"column":8},"end":{"line":22,"column":33}},"10":{"start":{"line":23,"column":8},"end":{"line":23,"column":51}},"11":{"start":{"line":24,"column":8},"end":{"line":24,"column":45}},"12":{"start":{"line":26,"column":8},"end":{"line":30,"column":9}},"13":{"start":{"line":27,"column":25},"end":{"line":27,"column":74}},"14":{"start":{"line":28,"column":10},"end":{"line":28,"column":48}},"15":{"start":{"line":29,"column":10},"end":{"line":29,"column":52}},"16":{"start":{"line":32,"column":8},"end":{"line":32,"column":35}},"17":{"start":{"line":36,"column":6},"end":{"line":36,"column":102}},"18":{"start":{"line":37,"column":6},"end":{"line":37,"column":18}},"19":{"start":{"line":39,"column":4},"end":{"line":39,"column":22}},"20":{"start":{"line":43,"column":4},"end":{"line":43,"column":60}},"21":{"start":{"line":43,"column":30},"end":{"line":43,"column":58}},"22":{"start":{"line":47,"column":4},"end":{"line":58,"column":7}},"23":{"start":{"line":48,"column":6},"end":{"line":50,"column":7}},"24":{"start":{"line":49,"column":8},"end":{"line":49,"column":17}},"25":{"start":{"line":51,"column":6},"end":{"line":53,"column":7}},"26":{"start":{"line":52,"column":8},"end":{"line":52,"column":17}},"27":{"start":{"line":54,"column":6},"end":{"line":56,"column":7}},"28":{"start":{"line":55,"column":8},"end":{"line":55,"column":18}},"29":{"start":{"line":57,"column":6},"end":{"line":57,"column":54}},"30":{"start":{"line":62,"column":4},"end":{"line":72,"column":7}},"31":{"start":{"line":63,"column":6},"end":{"line":71,"column":7}},"32":{"start":{"line":64,"column":8},"end":{"line":64,"column":17}},"33":{"start":{"line":65,"column":13},"end":{"line":71,"column":7}},"34":{"start":{"line":66,"column":8},"end":{"line":66,"column":17}},"35":{"start":{"line":67,"column":13},"end":{"line":71,"column":7}},"36":{"start":{"line":68,"column":8},"end":{"line":68,"column":18}},"37":{"start":{"line":70,"column":8},"end":{"line":70,"column":67}},"38":{"start":{"line":76,"column":0},"end":{"line":76,"column":28}}},"fnMap":{"0":{"name":"(anonymous_0)","decl":{"start":{"line":6,"column":2},"end":{"line":6,"column":3}},"loc":{"start":{"line":6,"column":25},"end":{"line":9,"column":3}},"line":6},"1":{"name":"(anonymous_1)","decl":{"start":{"line":11,"column":2},"end":{"line":11,"column":3}},"loc":{"start":{"line":11,"column":21},"end":{"line":40,"column":3}},"line":11},"2":{"name":"(anonymous_2)","decl":{"start":{"line":42,"column":2},"end":{"line":42,"column":3}},"loc":{"start":{"line":42,"column":18},"end":{"line":44,"column":3}},"line":42},"3":{"name":"(anonymous_3)","decl":{"start":{"line":43,"column":20},"end":{"line":43,"column":21}},"loc":{"start":{"line":43,"column":30},"end":{"line":43,"column":58}},"line":43},"4":{"name":"(anonymous_4)","decl":{"start":{"line":46,"column":2},"end":{"line":46,"column":3}},"loc":{"start":{"line":46,"column":20},"end":{"line":59,"column":3}},"line":46},"5":{"name":"(anonymous_5)","decl":{"start":{"line":47,"column":20},"end":{"line":47,"column":21}},"loc":{"start":{"line":47,"column":30},"end":{"line":58,"column":5}},"line":47},"6":{"name":"(anonymous_6)","decl":{"start":{"line":61,"column":2},"end":{"line":61,"column":3}},"loc":{"start":{"line":61,"column":26},"end":{"line":73,"column":3}},"line":61},"7":{"name":"(anonymous_7)","decl":{"start":{"line":62,"column":20},"end":{"line":62,"column":21}},"loc":{"start":{"line":62,"column":30},"end":{"line":72,"column":5}},"line":62}},"branchMap":{"0":{"loc":{"start":{"line":26,"column":8},"end":{"line":30,"column":9}},"type":"if","locations":[{"start":{"line":26,"column":8},"end":{"line":30,"column":9}},{"start":{},"end":{}}],"line":26},"1":{"loc":{"start":{"line":48,"column":6},"end":{"line":50,"column":7}},"type":"if","locations":[{"start":{"line":48,"column":6},"end":{"line":50,"column":7}},{"start":{},"end":{}}],"line":48},"2":{"loc":{"start":{"line":48,"column":10},"end":{"line":48,"column":56}},"type":"binary-expr","locations":[{"start":{"line":48,"column":10},"end":{"line":48,"column":31}},{"start":{"line":48,"column":35},"end":{"line":48,"column":56}}],"line":48},"3":{"loc":{"start":{"line":51,"column":6},"end":{"line":53,"column":7}},"type":"if","locations":[{"start":{"line":51,"column":6},"end":{"line":53,"column":7}},{"start":{},"end":{}}],"line":51},"4":{"loc":{"start":{"line":54,"column":6},"end":{"line":56,"column":7}},"type":"if","locations":[{"start":{"line":54,"column":6},"end":{"line":56,"column":7}},{"start":{},"end":{}}],"line":54},"5":{"loc":{"start":{"line":63,"column":6},"end":{"line":71,"column":7}},"type":"if","locations":[{"start":{"line":63,"column":6},"end":{"line":71,"column":7}},{"start":{"line":65,"column":13},"end":{"line":71,"column":7}}],"line":63},"6":{"loc":{"start":{"line":63,"column":10},"end":{"line":63,"column":60}},"type":"binary-expr","locations":[{"start":{"line":63,"column":10},"end":{"line":63,"column":33}},{"start":{"line":63,"column":37},"end":{"line":63,"column":60}}],"line":63},"7":{"loc":{"start":{"line":65,"column":13},"end":{"line":71,"column":7}},"type":"if","locations":[{"start":{"line":65,"column":13},"end":{"line":71,"column":7}},{"start":{"line":67,"column":13},"end":{"line":71,"column":7}}],"line":65},"8":{"loc":{"start":{"line":67,"column":13},"end":{"line":71,"column":7}},"type":"if","locations":[{"start":{"line":67,"column":13},"end":{"line":71,"column":7}},{"start":{"line":69,"column":13},"end":{"line":71,"column":7}}],"line":67}},"s":{"0":1,"1":1,"2":0,"3":0,"4":0,"5":0,"6":0,"7":0,"8":0,"9":0,"10":0,"11":0,"12":0,"13":0,"14":0,"15":0,"16":0,"17":0,"18":0,"19":0,"20":0,"21":0,"22":0,"23":0,"24":0,"25":0,"26":0,"27":0,"28":0,"29":0,"30":0,"31":0,"32":0,"33":0,"34":0,"35":0,"36":0,"37":0,"38":1},"f":{"0":0,"1":0,"2":0,"3":0,"4":0,"5":0,"6":0,"7":0},"b":{"0":[0,0],"1":[0,0],"2":[0,0],"3":[0,0],"4":[0,0],"5":[0,0],"6":[0,0],"7":[0,0],"8":[0,0]},"_coverageSchema":"1a1c01bbd47fc00a2c39e90264f33305004495a9","hash":"49a4bb95dd9776ee52c6501c3a58653aa39305ac"}
,"C:\\Users\\haroo\\github\\Chron\\server\\src\\components\\to-do\\task.js": {"path":"C:\\Users\\haroo\\github\\Chron\\server\\src\\components\\to-do\\task.js","statementMap":{"0":{"start":{"line":1,"column":20},"end":{"line":1,"column":53}},"1":{"start":{"line":2,"column":22},"end":{"line":2,"column":61}},"2":{"start":{"line":7,"column":8},"end":{"line":7,"column":24}},"3":{"start":{"line":8,"column":8},"end":{"line":8,"column":35}},"4":{"start":{"line":9,"column":8},"end":{"line":9,"column":25}},"5":{"start":{"line":10,"column":8},"end":{"line":10,"column":41}},"6":{"start":{"line":11,"column":8},"end":{"line":11,"column":34}},"7":{"start":{"line":12,"column":8},"end":{"line":12,"column":30}},"8":{"start":{"line":13,"column":8},"end":{"line":13,"column":31}},"9":{"start":{"line":14,"column":8},"end":{"line":14,"column":32}},"10":{"start":{"line":18,"column":8},"end":{"line":18,"column":142}},"11":{"start":{"line":22,"column":8},"end":{"line":22,"column":47}},"12":{"start":{"line":23,"column":23},"end":{"line":23,"column":148}},"13":{"start":{"line":26,"column":8},"end":{"line":31,"column":9}},"14":{"start":{"line":27,"column":31},"end":{"line":27,"column":76}},"15":{"start":{"line":28,"column":31},"end":{"line":28,"column":76}},"16":{"start":{"line":30,"column":12},"end":{"line":30,"column":175}},"17":{"start":{"line":32,"column":8},"end":{"line":32,"column":22}},"18":{"start":{"line":36,"column":8},"end":{"line":40,"column":9}},"19":{"start":{"line":37,"column":12},"end":{"line":37,"column":146}},"20":{"start":{"line":39,"column":12},"end":{"line":39,"column":81}},"21":{"start":{"line":44,"column":0},"end":{"line":44,"column":22}}},"fnMap":{"0":{"name":"(anonymous_0)","decl":{"start":{"line":6,"column":4},"end":{"line":6,"column":5}},"loc":{"start":{"line":6,"column":47},"end":{"line":15,"column":5}},"line":6},"1":{"name":"(anonymous_1)","decl":{"start":{"line":17,"column":4},"end":{"line":17,"column":5}},"loc":{"start":{"line":17,"column":17},"end":{"line":19,"column":5}},"line":17},"2":{"name":"(anonymous_2)","decl":{"start":{"line":21,"column":4},"end":{"line":21,"column":5}},"loc":{"start":{"line":21,"column":29},"end":{"line":33,"column":5}},"line":21},"3":{"name":"(anonymous_3)","decl":{"start":{"line":35,"column":4},"end":{"line":35,"column":5}},"loc":{"start":{"line":35,"column":20},"end":{"line":41,"column":5}},"line":35}},"branchMap":{"0":{"loc":{"start":{"line":26,"column":8},"end":{"line":31,"column":9}},"type":"if","locations":[{"start":{"line":26,"column":8},"end":{"line":31,"column":9}},{"start":{},"end":{}}],"line":26},"1":{"loc":{"start":{"line":26,"column":11},"end":{"line":26,"column":62}},"type":"binary-expr","locations":[{"start":{"line":26,"column":11},"end":{"line":26,"column":33}},{"start":{"line":26,"column":37},"end":{"line":26,"column":62}}],"line":26},"2":{"loc":{"start":{"line":36,"column":8},"end":{"line":40,"column":9}},"type":"if","locations":[{"start":{"line":36,"column":8},"end":{"line":40,"column":9}},{"start":{"line":38,"column":15},"end":{"line":40,"column":9}}],"line":36}},"s":{"0":1,"1":1,"2":0,"3":0,"4":0,"5":0,"6":0,"7":0,"8":0,"9":0,"10":0,"11":0,"12":0,"13":0,"14":0,"15":0,"16":0,"17":0,"18":0,"19":0,"20":0,"21":1},"f":{"0":0,"1":0,"2":0,"3":0},"b":{"0":[0,0],"1":[0,0],"2":[0,0]},"_coverageSchema":"1a1c01bbd47fc00a2c39e90264f33305004495a9","hash":"57df80a026a247a3f3d1a5aab872c5f142fbf85c"}
,"C:\\Users\\haroo\\github\\Chron\\server\\src\\components\\utils\\utils.js": {"path":"C:\\Users\\haroo\\github\\Chron\\server\\src\\components\\utils\\utils.js","statementMap":{"0":{"start":{"line":3,"column":27},"end":{"line":3,"column":37}},"1":{"start":{"line":4,"column":6},"end":{"line":4,"column":53}},"2":{"start":{"line":5,"column":6},"end":{"line":5,"column":54}},"3":{"start":{"line":6,"column":6},"end":{"line":6,"column":53}},"4":{"start":{"line":10,"column":6},"end":{"line":10,"column":27}},"5":{"start":{"line":11,"column":6},"end":{"line":11,"column":23}},"6":{"start":{"line":12,"column":6},"end":{"line":12,"column":23}},"7":{"start":{"line":18,"column":6},"end":{"line":18,"column":19}},"8":{"start":{"line":19,"column":6},"end":{"line":19,"column":22}},"9":{"start":{"line":23,"column":27},"end":{"line":23,"column":47}},"10":{"start":{"line":24,"column":6},"end":{"line":24,"column":48}},"11":{"start":{"line":25,"column":6},"end":{"line":25,"column":38}},"12":{"start":{"line":31,"column":6},"end":{"line":31,"column":23}},"13":{"start":{"line":32,"column":6},"end":{"line":32,"column":25}},"14":{"start":{"line":33,"column":6},"end":{"line":33,"column":33}},"15":{"start":{"line":37,"column":2},"end":{"line":41,"column":4}}},"fnMap":{"0":{"name":"(anonymous_0)","decl":{"start":{"line":2,"column":4},"end":{"line":2,"column":5}},"loc":{"start":{"line":2,"column":36},"end":{"line":7,"column":5}},"line":2},"1":{"name":"(anonymous_1)","decl":{"start":{"line":9,"column":4},"end":{"line":9,"column":5}},"loc":{"start":{"line":9,"column":48},"end":{"line":13,"column":5}},"line":9},"2":{"name":"(anonymous_2)","decl":{"start":{"line":17,"column":4},"end":{"line":17,"column":5}},"loc":{"start":{"line":17,"column":18},"end":{"line":20,"column":5}},"line":17},"3":{"name":"(anonymous_3)","decl":{"start":{"line":22,"column":4},"end":{"line":22,"column":5}},"loc":{"start":{"line":22,"column":26},"end":{"line":26,"column":5}},"line":22},"4":{"name":"(anonymous_4)","decl":{"start":{"line":30,"column":4},"end":{"line":30,"column":5}},"loc":{"start":{"line":30,"column":40},"end":{"line":34,"column":5}},"line":30}},"branchMap":{"0":{"loc":{"start":{"line":4,"column":20},"end":{"line":4,"column":52}},"type":"binary-expr","locations":[{"start":{"line":4,"column":20},"end":{"line":4,"column":26}},{"start":{"line":4,"column":30},"end":{"line":4,"column":52}}],"line":4},"1":{"loc":{"start":{"line":5,"column":18},"end":{"line":5,"column":53}},"type":"binary-expr","locations":[{"start":{"line":5,"column":18},"end":{"line":5,"column":22}},{"start":{"line":5,"column":26},"end":{"line":5,"column":53}}],"line":5},"2":{"loc":{"start":{"line":6,"column":18},"end":{"line":6,"column":52}},"type":"binary-expr","locations":[{"start":{"line":6,"column":18},"end":{"line":6,"column":22}},{"start":{"line":6,"column":26},"end":{"line":6,"column":52}}],"line":6}},"s":{"0":0,"1":0,"2":0,"3":0,"4":0,"5":0,"6":0,"7":0,"8":0,"9":0,"10":0,"11":0,"12":0,"13":0,"14":0,"15":1},"f":{"0":0,"1":0,"2":0,"3":0,"4":0},"b":{"0":[0,0],"1":[0,0],"2":[0,0]},"_coverageSchema":"1a1c01bbd47fc00a2c39e90264f33305004495a9","hash":"f122eeed7b285ba03a51b3a963468d18f6b6a77b"}
,"C:\\Users\\haroo\\github\\Chron\\server\\src\\config\\db.js": {"path":"C:\\Users\\haroo\\github\\Chron\\server\\src\\config\\db.js","statementMap":{"0":{"start":{"line":1,"column":0},"end":{"line":1,"column":26}},"1":{"start":{"line":2,"column":17},"end":{"line":2,"column":36}},"2":{"start":{"line":4,"column":0},"end":{"line":12,"column":37}},"3":{"start":{"line":10,"column":8},"end":{"line":10,"column":43}},"4":{"start":{"line":12,"column":20},"end":{"line":12,"column":36}},"5":{"start":{"line":15,"column":0},"end":{"line":15,"column":25}}},"fnMap":{"0":{"name":"(anonymous_0)","decl":{"start":{"line":9,"column":10},"end":{"line":9,"column":11}},"loc":{"start":{"line":9,"column":16},"end":{"line":11,"column":5}},"line":9},"1":{"name":"(anonymous_1)","decl":{"start":{"line":12,"column":11},"end":{"line":12,"column":12}},"loc":{"start":{"line":12,"column":20},"end":{"line":12,"column":36}},"line":12}},"branchMap":{},"s":{"0":1,"1":1,"2":1,"3":0,"4":0,"5":1},"f":{"0":0,"1":0},"b":{},"_coverageSchema":"1a1c01bbd47fc00a2c39e90264f33305004495a9","hash":"75345ec4baf37a12e57060388108eab13d1506af"}
[...]
lumn":103}},"15":{"start":{"line":30,"column":8},"end":{"line":30,"column":139}},"16":{"start":{"line":34,"column":0},"end":{"line":53,"column":3}},"17":{"start":{"line":35,"column":1},"end":{"line":35,"column":28}},"18":{"start":{"line":36,"column":32},"end":{"line":36,"column":40}},"19":{"start":{"line":38,"column":1},"end":{"line":40,"column":2}},"20":{"start":{"line":39,"column":8},"end":{"line":39,"column":98}},"21":{"start":{"line":42,"column":1},"end":{"line":52,"column":2}},"22":{"start":{"line":44,"column":26},"end":{"line":44,"column":62}},"23":{"start":{"line":46,"column":18},"end":{"line":46,"column":40}},"24":{"start":{"line":47,"column":2},"end":{"line":47,"column":51}},"25":{"start":{"line":50,"column":8},"end":{"line":50,"column":105}},"26":{"start":{"line":51,"column":8},"end":{"line":51,"column":141}},"27":{"start":{"line":55,"column":0},"end":{"line":81,"column":3}},"28":{"start":{"line":56,"column":4},"end":{"line":56,"column":25}},"29":{"start":{"line":57,"column":19},"end":{"line":57,"column":30}},"30":{"start":{"line":58,"column":20},"end":{"line":58,"column":42}},"31":{"start":{"line":60,"column":4},"end":{"line":62,"column":2}},"32":{"start":{"line":61,"column":8},"end":{"line":61,"column":100}},"33":{"start":{"line":64,"column":4},"end":{"line":79,"column":5}},"34":{"start":{"line":66,"column":8},"end":{"line":66,"column":55}},"35":{"start":{"line":67,"column":21},"end":{"line":67,"column":71}},"36":{"start":{"line":67,"column":52},"end":{"line":67,"column":70}},"37":{"start":{"line":69,"column":8},"end":{"line":74,"column":9}},"38":{"start":{"line":70,"column":12},"end":{"line":70,"column":42}},"39":{"start":{"line":71,"column":12},"end":{"line":71,"column":66}},"40":{"start":{"line":73,"column":12},"end":{"line":73,"column":99}},"41":{"start":{"line":77,"column":8},"end":{"line":77,"column":109}},"42":{"start":{"line":78,"column":8},"end":{"line":78,"column":146}},"43":{"start":{"line":83,"column":0},"end":{"line":109,"column":3}},"44":{"start":{"line":84,"column":4},"end":{"line":84,"column":28}},"45":{"start":{"line":85,"column":19},"end":{"line":85,"column":30}},"46":{"start":{"line":86,"column":20},"end":{"line":86,"column":42}},"47":{"start":{"line":88,"column":4},"end":{"line":90,"column":2}},"48":{"start":{"line":89,"column":8},"end":{"line":89,"column":100}},"49":{"start":{"line":92,"column":4},"end":{"line":107,"column":5}},"50":{"start":{"line":94,"column":8},"end":{"line":94,"column":55}},"51":{"start":{"line":95,"column":21},"end":{"line":95,"column":71}},"52":{"start":{"line":95,"column":52},"end":{"line":95,"column":70}},"53":{"start":{"line":97,"column":8},"end":{"line":102,"column":9}},"54":{"start":{"line":98,"column":12},"end":{"line":98,"column":33}},"55":{"start":{"line":99,"column":12},"end":{"line":99,"column":66}},"56":{"start":{"line":101,"column":12},"end":{"line":101,"column":103}},"57":{"start":{"line":105,"column":8},"end":{"line":105,"column":105}},"58":{"start":{"line":106,"column":8},"end":{"line":106,"column":140}},"59":{"start":{"line":111,"column":0},"end":{"line":146,"column":3}},"60":{"start":{"line":112,"column":4},"end":{"line":112,"column":33}},"61":{"start":{"line":113,"column":22},"end":{"line":113,"column":44}},"62":{"start":{"line":115,"column":4},"end":{"line":145,"column":5}},"63":{"start":{"line":117,"column":8},"end":{"line":117,"column":37}},"64":{"start":{"line":118,"column":21},"end":{"line":118,"column":35}},"65":{"start":{"line":120,"column":8},"end":{"line":139,"column":9}},"66":{"start":{"line":121,"column":12},"end":{"line":121,"column":41}},"67":{"start":{"line":124,"column":12},"end":{"line":136,"column":15}},"68":{"start":{"line":126,"column":18},"end":{"line":126,"column":44}},"69":{"start":{"line":127,"column":18},"end":{"line":127,"column":24}},"70":{"start":{"line":129,"column":18},"end":{"line":129,"column":52}},"71":{"start":{"line":130,"column":18},"end":{"line":130,"column":24}},"72":{"start":{"line":132,"column":18},"end":{"line":132,"column":46}},"73":{"start":{"line":133,"column":18},"end":{"line":133,"column":24}},"74":{"start":{"line":135,"column":18},"end":{"line":135,"column":152}},"75":{"start":{"line":138,"column":12},"end":{"line":138,"column":76}},"76":{"start":{"line":143,"column":8},"end":{"line":143,"column":107}},"77":{"start":{"line":144,"column":8},"end":{"line":144,"column":143}},"78":{"start":{"line":148,"column":0},"end":{"line":148,"column":23}}},"fnMap":{"0":{"name":"(anonymous_0)","decl":{"start":{"line":6,"column":16},"end":{"line":6,"column":17}},"loc":{"start":{"line":6,"column":36},"end":{"line":32,"column":1}},"line":6},"1":{"name":"(anonymous_1)","decl":{"start":{"line":17,"column":22},"end":{"line":17,"column":23}},"loc":{"start":{"line":17,"column":31},"end":{"line":23,"column":13}},"line":17},"2":{"name":"(anonymous_2)","decl":{"start":{"line":34,"column":17},"end":{"line":34,"column":18}},"loc":{"start":{"line":34,"column":37},"end":{"line":53,"column":1}},"line":34},"3":{"name":"(anonymous_3)","decl":{"start":{"line":55,"column":16},"end":{"line":55,"column":17}},"loc":{"start":{"line":55,"column":36},"end":{"line":81,"column":1}},"line":55},"4":{"name":"(anonymous_4)","decl":{"start":{"line":67,"column":42},"end":{"line":67,"column":43}},"loc":{"start":{"line":67,"column":52},"end":{"line":67,"column":70}},"line":67},"5":{"name":"(anonymous_5)","decl":{"start":{"line":83,"column":19},"end":{"line":83,"column":20}},"loc":{"start":{"line":83,"column":39},"end":{"line":109,"column":1}},"line":83},"6":{"name":"(anonymous_6)","decl":{"start":{"line":95,"column":42},"end":{"line":95,"column":43}},"loc":{"start":{"line":95,"column":52},"end":{"line":95,"column":70}},"line":95},"7":{"name":"(anonymous_7)","decl":{"start":{"line":111,"column":24},"end":{"line":111,"column":25}},"loc":{"start":{"line":111,"column":44},"end":{"line":146,"column":1}},"line":111}},"branchMap":{"0":{"loc":{"start":{"line":13,"column":8},"end":{"line":26,"column":9}},"type":"if","locations":[{"start":{"line":13,"column":8},"end":{"line":26,"column":9}},{"start":{"line":15,"column":15},"end":{"line":26,"column":9}}],"line":13},"1":{"loc":{"start":{"line":38,"column":1},"end":{"line":40,"column":2}},"type":"if","locations":[{"start":{"line":38,"column":1},"end":{"line":40,"column":2}},{"start":{},"end":{}}],"line":38},"2":{"loc":{"start":{"line":60,"column":4},"end":{"line":62,"column":2}},"type":"if","locations":[{"start":{"line":60,"column":4},"end":{"line":62,"column":2}},{"start":{},"end":{}}],"line":60},"3":{"loc":{"start":{"line":69,"column":8},"end":{"line":74,"column":9}},"type":"if","locations":[{"start":{"line":69,"column":8},"end":{"line":74,"column":9}},{"start":{"line":72,"column":15},"end":{"line":74,"column":9}}],"line":69},"4":{"loc":{"start":{"line":88,"column":4},"end":{"line":90,"column":2}},"type":"if","locations":[{"start":{"line":88,"column":4},"end":{"line":90,"column":2}},{"start":{},"end":{}}],"line":88},"5":{"loc":{"start":{"line":97,"column":8},"end":{"line":102,"column":9}},"type":"if","locations":[{"start":{"line":97,"column":8},"end":{"line":102,"column":9}},{"start":{"line":100,"column":15},"end":{"line":102,"column":9}}],"line":97},"6":{"loc":{"start":{"line":120,"column":8},"end":{"line":139,"column":9}},"type":"if","locations":[{"start":{"line":120,"column":8},"end":{"line":139,"column":9}},{"start":{"line":122,"column":15},"end":{"line":139,"column":9}}],"line":120},"7":{"loc":{"start":{"line":124,"column":12},"end":{"line":136,"column":15}},"type":"switch","locations":[{"start":{"line":125,"column":16},"end":{"line":127,"column":24}},{"start":{"line":128,"column":16},"end":{"line":130,"column":24}},{"start":{"line":131,"column":16},"end":{"line":133,"column":24}},{"start":{"line":134,"column":16},"end":{"line":135,"column":152}}],"line":124}},"s":{"0":1,"1":1,"2":1,"3":1,"4":1,"5":0,"6":0,"7":0,"8":0,"9":0,"10":0,"11":0,"12":0,"13":0,"14":0,"15":0,"16":1,"17":0,"18":0,"19":0,"20":0,"21":0,"22":0,"23":0,"24":0,"25":0,"26":0,"27":1,"28":0,"29":0,"30":0,"31":0,"32":0,"33":0,"34":0,"35":0,"36":0,"37":0,"38":0,"39":0,"40":0,"41":0,"42":0,"43":1,"44":0,"45":0,"46":0,"47":0,"48":0,"49":0,"50":0,"51":0,"52":0,"53":0,"54":0,"55":0,"56":0,"57":0,"58":0,"59":1,"60":0,"61":0,"62":0,"63":0,"64":0,"65":0,"66":0,"67":0,"68":0,"69":0,"70":0,"71":0,"72":0,"73":0,"74":0,"75":0,"76":0,"77":0,"78":1},"f":{"0":0,"1":0,"2":0,"3":0,"4":0,"5":0,"6":0,"7":0},"b":{"0":[0,0],"1":[0,0],"2":[0,0],"3":[0,0],"4":[0,0],"5":[0,0],"6":[0,0],"7":[0,0,0,0]},"_coverageSchema":"1a1c01bbd47fc00a2c39e90264f33305004495a9","hash":"f105bbb8ed0f6b69e8c40026b54cff2856af9c15"}
,"C:\\Users\\haroo\\github\\Chron\\server\\src\\models\\GruppoSchema.js": {"path":"C:\\Users\\haroo\\github\\Chron\\server\\src\\models\\GruppoSchema.js","statementMap":{"0":{"start":{"line":1,"column":17},"end":{"line":1,"column":36}},"1":{"start":{"line":3,"column":19},"end":{"line":8,"column":2}},"2":{"start":{"line":10,"column":13},"end":{"line":10,"column":50}},"3":{"start":{"line":12,"column":0},"end":{"line":12,"column":24}}},"fnMap":{},"branchMap":{},"s":{"0":1,"1":1,"2":1,"3":1},"f":{},"b":{},"_coverageSchema":"1a1c01bbd47fc00a2c39e90264f33305004495a9","hash":"01246f1137b2e81efe977e5f8792206f3f6b393f"}
,"C:\\Users\\haroo\\github\\Chron\\server\\src\\models\\SalaStudioSchema.js": {"path":"C:\\Users\\haroo\\github\\Chron\\server\\src\\models\\SalaStudioSchema.js","statementMap":{"0":{"start":{"line":1,"column":17},"end":{"line":1,"column":36}},"1":{"start":{"line":3,"column":23},"end":{"line":15,"column":2}},"2":{"start":{"line":17,"column":17},"end":{"line":17,"column":62}},"3":{"start":{"line":19,"column":0},"end":{"line":19,"column":28}}},"fnMap":{},"branchMap":{},"s":{"0":1,"1":1,"2":1,"3":1},"f":{},"b":{},"_coverageSchema":"1a1c01bbd47fc00a2c39e90264f33305004495a9","hash":"af4f2f026fc29a7006b6b26864255edba48e83c9"}
,"C:\\Users\\haroo\\github\\Chron\\server\\src\\models\\Sessione.js": {"path":"C:\\Users\\haroo\\github\\Chron\\server\\src\\models\\Sessione.js","statementMap":{"0":{"start":{"line":1,"column":17},"end":{"line":1,"column":36}},"1":{"start":{"line":4,"column":23},"end":{"line":9,"column":2}},"2":{"start":{"line":12,"column":22},"end":{"line":12,"column":63}},"3":{"start":{"line":14,"column":0},"end":{"line":14,"column":31}}},"fnMap":{},"branchMap":{},"s":{"0":1,"1":1,"2":1,"3":1},"f":{},"b":{},"_coverageSchema":"1a1c01bbd47fc00a2c39e90264f33305004495a9","hash":"d844c1f3b8de9747d73b9eaab524df091b533219"}
,"C:\\Users\\haroo\\github\\Chron\\server\\src\\models\\Task.js": {"path":"C:\\Users\\haroo\\github\\Chron\\server\\src\\models\\Task.js","statementMap":{"0":{"start":{"line":1,"column":17},"end":{"line":1,"column":36}},"1":{"start":{"line":3,"column":19},"end":{"line":26,"column":2}},"2":{"start":{"line":28,"column":18},"end":{"line":28,"column":52}},"3":{"start":{"line":30,"column":0},"end":{"line":30,"column":27}}},"fnMap":{},"branchMap":{},"s":{"0":1,"1":1,"2":1,"3":1},"f":{},"b":{},"_coverageSchema":"1a1c01bbd47fc00a2c39e90264f33305004495a9","hash":"e1cb7f41344ca8943feb47e00ef6eb1da7f6bf40"}
,"C:\\Users\\haroo\\github\\Chron\\server\\src\\models\\TokenSchema.js": {"path":"C:\\Users\\haroo\\github\\Chron\\server\\src\\models\\TokenSchema.js","statementMap":{"0":{"start":{"line":2,"column":17},"end":{"line":2,"column":36}},"1":{"start":{"line":4,"column":20},"end":{"line":9,"column":2}},"2":{"start":{"line":11,"column":19},"end":{"line":11,"column":55}},"3":{"start":{"line":13,"column":0},"end":{"line":13,"column":28}}},"fnMap":{},"branchMap":{},"s":{"0":1,"1":1,"2":1,"3":1},"f":{},"b":{},"_coverageSchema":"1a1c01bbd47fc00a2c39e90264f33305004495a9","hash":"c40498b7702fe5a7c9b3bea03f1b056dd0bbf925"}
,"C:\\Users\\haroo\\github\\Chron\\server\\src\\models\\UserSchema.js": {"path":"C:\\Users\\haroo\\github\\Chron\\server\\src\\models\\UserSchema.js","statementMap":{"0":{"start":{"line":1,"column":18},"end":{"line":1,"column":62}},"1":{"start":{"line":3,"column":17},"end":{"line":3,"column":36}},"2":{"start":{"line":5,"column":17},"end":{"line":10,"column":2}},"3":{"start":{"line":12,"column":18},"end":{"line":12,"column":52}},"4":{"start":{"line":14,"column":0},"end":{"line":14,"column":29}}},"fnMap":{},"branchMap":{},"s":{"0":1,"1":1,"2":1,"3":1,"4":1},"f":{},"b":{},"_coverageSchema":"1a1c01bbd47fc00a2c39e90264f33305004495a9","hash":"dbc2b4de4297fbb1c631c8bb466f9da6b1c31d83"}
,"C:\\Users\\haroo\\github\\Chron\\server\\src\\routes\\index.js": {"path":"C:\\Users\\haroo\\github\\Chron\\server\\src\\routes\\index.js","statementMap":{"0":{"start":{"line":1,"column":0},"end":{"line":1,"column":27}},"1":{"start":{"line":3,"column":16},"end":{"line":3,"column":34}},"2":{"start":{"line":4,"column":15},"end":{"line":4,"column":31}},"3":{"start":{"line":5,"column":13},"end":{"line":5,"column":28}},"4":{"start":{"line":6,"column":19},"end":{"line":6,"column":41}},"5":{"start":{"line":7,"column":12},"end":{"line":7,"column":35}},"6":{"start":{"line":9,"column":19},"end":{"line":9,"column":42}},"7":{"start":{"line":11,"column":14},"end":{"line":11,"column":41}},"8":{"start":{"line":12,"column":22},"end":{"line":12,"column":57}},"9":{"start":{"line":13,"column":15},"end":{"line":13,"column":43}},"10":{"start":{"line":14,"column":16},"end":{"line":14,"column":45}},"11":{"start":{"line":15,"column":20},"end":{"line":15,"column":53}},"12":{"start":{"line":16,"column":14},"end":{"line":16,"column":40}},"13":{"start":{"line":17,"column":19},"end":{"line":17,"column":51}},"14":{"start":{"line":18,"column":25},"end":{"line":18,"column":63}},"15":{"start":{"line":21,"column":0},"end":{"line":30,"column":3}},"16":{"start":{"line":22,"column":2},"end":{"line":22,"column":52}},"17":{"start":{"line":23,"column":2},"end":{"line":23,"column":60}},"18":{"start":{"line":24,"column":2},"end":{"line":24,"column":74}},"19":{"start":{"line":25,"column":2},"end":{"line":25,"column":79}},"20":{"start":{"line":27,"column":2},"end":{"line":27,"column":21}},"21":{"start":{"line":29,"column":2},"end":{"line":29,"column":9}},"22":{"start":{"line":32,"column":0},"end":{"line":32,"column":30}},"23":{"start":{"line":36,"column":0},"end":{"line":36,"column":34}},"24":{"start":{"line":37,"column":0},"end":{"line":37,"column":57}},"25":{"start":{"line":39,"column":0},"end":{"line":39,"column":38}},"26":{"start":{"line":40,"column":0},"end":{"line":40,"column":58}},"27":{"start":{"line":42,"column":0},"end":{"line":42,"column":48}},"28":{"start":{"line":44,"column":0},"end":{"line":44,"column":46}},"29":{"start":{"line":46,"column":0},"end":{"line":46,"column":44}},"30":{"start":{"line":48,"column":0},"end":{"line":48,"column":59}},"31":{"start":{"line":50,"column":0},"end":{"line":50,"column":23}}},"fnMap":{"0":{"name":"(anonymous_0)","decl":{"start":{"line":21,"column":11},"end":{"line":21,"column":12}},"loc":{"start":{"line":21,"column":31},"end":{"line":30,"column":1}},"line":21}},"branchMap":{},"s":{"0":1,"1":1,"2":1,"3":1,"4":1,"5":1,"6":1,"7":1,"8":1,"9":1,"10":1,"11":1,"12":1,"13":1,"14":1,"15":1,"16":0,"17":0,"18":0,"19":0,"20":0,"21":0,"22":1,"23":1,"24":1,"25":1,"26":1,"27":1,"28":1,"29":1,"30":1,"31":1},"f":{"0":0},"b":{},"_coverageSchema":"1a1c01bbd47fc00a2c39e90264f33305004495a9","hash":"edc722a5fd0d0f4ff39ee55d658b4b1f06ae635e"}
,"C:\\Users\\haroo\\github\\Chron\\server\\src\\routes\\leggiToken.js": {"path":"C:\\Users\\haroo\\github\\Chron\\server\\src\\routes\\leggiToken.js","statementMap":{"0":{"start":{"line":1,"column":12},"end":{"line":1,"column":35}},"1":{"start":{"line":3,"column":18},"end":{"line":3,"column":62}},"2":{"start":{"line":4,"column":18},"end":{"line":4,"column":36}},"3":{"start":{"line":11,"column":23},"end":{"line":11,"column":51}},"4":{"start":{"line":12,"column":4},"end":{"line":14,"column":5}},"5":{"start":{"line":13,"column":8},"end":{"line":13,"column":125}},"6":{"start":{"line":17,"column":18},"end":{"line":17,"column":56}},"7":{"start":{"line":18,"column":4},"end":{"line":20,"column":5}},"8":{"start":{"line":19,"column":8},"end":{"line":19,"column":110}},"9":{"start":{"line":24,"column":4},"end":{"line":28,"column":5}},"10":{"start":{"line":25,"column":8},"end":{"line":25,"column":69}},"11":{"start":{"line":27,"column":8},"end":{"line":27,"column":100}},"12":{"start":{"line":31,"column":29},"end":{"line":31,"column":69}},"13":{"start":{"line":32,"column":4},"end":{"line":34,"column":5}},"14":{"start":{"line":33,"column":8},"end":{"line":33,"column":109}},"15":{"start":{"line":37,"column":36},"end":{"line":37,"column":79}},"16":{"start":{"line":38,"column":4},"end":{"line":40,"column":5}},"17":{"start":{"line":39,"column":8},"end":{"line":39,"column":112}},"18":{"start":{"line":42,"column":4},"end":{"line":42,"column":24}},"19":{"start":{"line":43,"column":4},"end":{"line":43,"column":11}},"20":{"start":{"line":48,"column":0},"end":{"line":48,"column":28}}},"fnMap":{"0":{"name":"leggiToken","decl":{"start":{"line":8,"column":15},"end":{"line":8,"column":25}},"loc":{"start":{"line":8,"column":42},"end":{"line":45,"column":1}},"line":8}},"branchMap":{"0":{"loc":{"start":{"line":12,"column":4},"end":{"line":14,"column":5}},"type":"if","locations":[{"start":{"line":12,"column":4},"end":{"line":14,"column":5}},{"start":{},"end":{}}],"line":12},"1":{"loc":{"start":{"line":17,"column":18},"end":{"line":17,"column":56}},"type":"binary-expr","locations":[{"start":{"line":17,"column":18},"end":{"line":17,"column":28}},{"start":{"line":17,"column":32},"end":{"line":17,"column":56}}],"line":17},"2":{"loc":{"start":{"line":18,"column":4},"end":{"line":20,"column":5}},"type":"if","locations":[{"start":{"line":18,"column":4},"end":{"line":20,"column":5}},{"start":{},"end":{}}],"line":18},"3":{"loc":{"start":{"line":32,"column":4},"end":{"line":34,"column":5}},"type":"if","locations":[{"start":{"line":32,"column":4},"end":{"line":34,"column":5}},{"start":{},"end":{}}],"line":32},"4":{"loc":{"start":{"line":38,"column":4},"end":{"line":40,"column":5}},"type":"if","locations":[{"start":{"line":38,"column":4},"end":{"line":40,"column":5}},{"start":{},"end":{}}],"line":38}},"s":{"0":1,"1":1,"2":1,"3":0,"4":0,"5":0,"6":0,"7":0,"8":0,"9":0,"10":0,"11":0,"12":0,"13":0,"14":0,"15":0,"16":0,"17":0,"18":0,"19":0,"20":1},"f":{"0":0},"b":{"0":[0,0],"1":[0,0],"2":[0,0],"3":[0,0],"4":[0,0]},"_coverageSchema":"1a1c01bbd47fc00a2c39e90264f33305004495a9","hash":"f41d88c05e400eb15db243b05c045e57fd1f8efc"}
,"C:\\Users\\haroo\\github\\Chron\\server\\src\\routes\\verificaAutenticazione.js": {"path":"C:\\Users\\haroo\\github\\Chron\\server\\src\\routes\\verificaAutenticazione.js","statementMap":{"0":{"start":{"line":1,"column":18},"end":{"line":1,"column":62}},"1":{"start":{"line":5,"column":4},"end":{"line":18,"column":5}},"2":{"start":{"line":7,"column":8},"end":{"line":7,"column":83}},"3":{"start":{"line":10,"column":22},"end":{"line":10,"column":64}},"4":{"start":{"line":11,"column":8},"end":{"line":15,"column":9}},"5":{"start":{"line":14,"column":12},"end":{"line":14,"column":87}},"6":{"start":{"line":17,"column":8},"end":{"line":17,"column":15}},"7":{"start":{"line":21,"column":0},"end":{"line":21,"column":40}}},"fnMap":{"0":{"name":"verificaAutenticazione","decl":{"start":{"line":3,"column":9},"end":{"line":3,"column":31}},"loc":{"start":{"line":3,"column":48},"end":{"line":19,"column":1}},"line":3}},"branchMap":{"0":{"loc":{"start":{"line":5,"column":4},"end":{"line":18,"column":5}},"type":"if","locations":[{"start":{"line":5,"column":4},"end":{"line":18,"column":5}},{"start":{"line":8,"column":11},"end":{"line":18,"column":5}}],"line":5},"1":{"loc":{"start":{"line":11,"column":8},"end":{"line":15,"column":9}},"type":"if","locations":[{"start":{"line":11,"column":8},"end":{"line":15,"column":9}},{"start":{"line":13,"column":15},"end":{"line":15,"column":9}}],"line":11}},"s":{"0":1,"1":0,"2":0,"3":0,"4":0,"5":0,"6":0,"7":1},"f":{"0":0},"b":{"0":[0,0],"1":[0,0]},"_coverageSchema":"1a1c01bbd47fc00a2c39e90264f33305004495a9","hash":"c866bb636e1b5acee3c988a8752ec48b2d35b4a0"}
}
