TN:
SF:src\index.js
FN:6,(anonymous_0)
FN:7,(anonymous_1)
FNF:2
FNH:1
FNDA:1,(anonymous_0)
FNDA:0,(anonymous_1)
DA:1,1
DA:2,1
DA:4,1
DA:6,1
DA:7,1
DA:8,0
DA:12,1
LF:7
LH:6
BRDA:4,0,0,1
BRDA:4,0,1,0
BRF:2
BRH:1
end_of_record
TN:
SF:src\server.js
FNF:0
FNH:0
DA:1,1
DA:3,1
DA:4,1
DA:5,1
DA:7,1
DA:9,1
DA:11,1
LF:7
LH:7
BRF:0
BRH:0
end_of_record
TN:
SF:src\components\chron\Chron.js
FN:5,(anonymous_0)
FN:10,(anonymous_1)
FN:62,(anonymous_2)
FN:85,(anonymous_3)
FN:88,(anonymous_4)
FN:94,(anonymous_5)
FN:97,(anonymous_6)
FN:103,(anonymous_7)
FN:110,(anonymous_8)
FN:121,(anonymous_9)
FN:129,(anonymous_10)
FNF:11
FNH:0
FNDA:0,(anonymous_0)
FNDA:0,(anonymous_1)
FNDA:0,(anonymous_2)
FNDA:0,(anonymous_3)
FNDA:0,(anonymous_4)
FNDA:0,(anonymous_5)
FNDA:0,(anonymous_6)
FNDA:0,(anonymous_7)
FNDA:0,(anonymous_8)
FNDA:0,(anonymous_9)
FNDA:0,(anonymous_10)
DA:2,1
DA:6,0
DA:7,0
DA:15,0
DA:16,0
DA:18,0
DA:19,0
DA:21,0
DA:22,0
DA:24,0
DA:25,0
DA:27,0
DA:28,0
DA:29,0
DA:30,0
DA:31,0
DA:32,0
DA:33,0
DA:34,0
DA:36,0
DA:37,0
DA:38,0
DA:40,0
DA:41,0
DA:42,0
DA:43,0
DA:45,0
DA:46,0
DA:47,0
DA:49,0
DA:51,0
DA:52,0
DA:53,0
DA:55,0
DA:57,0
DA:59,0
DA:60,0
DA:62,0
DA:63,0
DA:64,0
DA:67,0
DA:69,0
DA:70,0
DA:71,0
DA:72,0
DA:74,0
DA:76,0
DA:80,0
DA:81,0
DA:87,0
DA:88,0
DA:89,0
DA:92,0
DA:96,0
DA:97,0
DA:98,0
DA:101,0
DA:104,0
DA:105,0
DA:106,0
DA:107,0
DA:108,0
DA:109,0
DA:110,0
DA:111,0
DA:113,0
DA:114,0
DA:115,0
DA:118,0
DA:122,0
DA:123,0
DA:124,0
DA:125,0
DA:126,0
DA:127,0
DA:128,0
DA:129,0
DA:130,0
DA:132,0
DA:133,0
DA:134,0
DA:138,0
DA:141,1
LF:83
LH:2
BRDA:18,0,0,0
BRDA:18,0,1,0
BRDA:18,1,0,0
BRDA:18,1,1,0
BRDA:18,1,2,0
BRDA:22,2,0,0
BRDA:22,2,1,0
BRDA:31,3,0,0
BRDA:31,3,1,0
BRDA:55,4,0,0
BRDA:55,4,1,0
BRDA:55,5,0,0
BRDA:55,5,1,0
BRDA:55,5,2,0
BRDA:63,6,0,0
BRDA:63,6,1,0
BRDA:71,7,0,0
BRDA:71,7,1,0
BRDA:113,8,0,0
BRDA:113,8,1,0
BRDA:114,9,0,0
BRDA:114,9,1,0
BRDA:125,10,0,0
BRDA:125,10,1,0
BRDA:132,11,0,0
BRDA:132,11,1,0
BRDA:133,12,0,0
BRDA:133,12,1,0
BRF:28
BRH:0
end_of_record
TN:
SF:src\components\gestoreDB\gestoreDB.js
FN:14,(anonymous_0)
FN:15,(anonymous_1)
FN:17,(anonymous_2)
FN:20,(anonymous_3)
FN:26,(anonymous_4)
FN:27,(anonymous_5)
FN:31,(anonymous_6)
FN:32,(anonymous_7)
FN:37,(anonymous_8)
FN:43,(anonymous_9)
FN:44,(anonymous_10)
FN:48,(anonymous_11)
FN:49,(anonymous_12)
FN:54,(anonymous_13)
FN:60,(anonymous_14)
FN:62,(anonymous_15)
FN:71,(anonymous_16)
FN:72,(anonymous_17)
FN:80,(anonymous_18)
FN:83,(anonymous_19)
FN:89,(anonymous_20)
FN:90,(anonymous_21)
FN:92,(anonymous_22)
FN:99,(anonymous_23)
FN:105,(anonymous_24)
FN:106,(anonymous_25)
FN:108,(anonymous_26)
FN:115,(anonymous_27)
FN:121,(anonymous_28)
FN:122,(anonymous_29)
FN:124,(anonymous_30)
FN:131,(anonymous_31)
FN:137,(anonymous_32)
FN:138,(anonymous_33)
FN:142,(anonymous_34)
FN:145,(anonymous_35)
FN:153,(anonymous_36)
FN:156,(anonymous_37)
FN:162,(anonymous_38)
FN:163,(anonymous_39)
FN:165,(anonymous_40)
FN:168,(anonymous_41)
FN:175,(anonymous_42)
FN:176,(anonymous_43)
FN:179,(anonymous_44)
FN:199,(anonymous_45)
FN:205,(anonymous_46)
FN:220,(anonymous_47)
FN:227,(anonymous_48)
FN:228,(anonymous_49)
FN:230,(anonymous_50)
FN:237,(anonymous_51)
FN:244,(anonymous_52)
FN:245,(anonymous_53)
FN:247,(anonymous_54)
FN:254,(anonymous_55)
FN:261,(anonymous_56)
FN:262,(anonymous_57)
FN:268,(anonymous_58)
FN:271,(anonymous_59)
FN:277,(anonymous_60)
FN:278,(anonymous_61)
FN:280,(anonymous_62)
FN:283,(anonymous_63)
FN:289,(anonymous_64)
FN:291,(anonymous_65)
FN:293,(anonymous_66)
FN:296,(anonymous_67)
FN:302,(anonymous_68)
FN:304,(anonymous_69)
FN:306,(anonymous_70)
FN:309,(anonymous_71)
FN:315,(anonymous_72)
FN:317,(anonymous_73)
FN:329,(anonymous_74)
FN:332,(anonymous_75)
FN:338,(anonymous_76)
FN:347,(anonymous_77)
FN:360,(anonymous_78)
FN:377,(anonymous_79)
FN:390,(anonymous_80)
FN:393,(anonymous_81)
FN:399,(anonymous_82)
FN:410,(anonymous_83)
FN:420,(anonymous_84)
FN:433,(anonymous_85)
FN:446,(anonymous_86)
FN:465,(anonymous_87)
FN:480,(anonymous_88)
FN:481,(anonymous_89)
FN:483,(anonymous_90)
FN:486,(anonymous_91)
FN:492,(anonymous_92)
FN:493,(anonymous_93)
FN:495,(anonymous_94)
FN:502,(anonymous_95)
FN:508,(anonymous_96)
FN:509,(anonymous_97)
FN:511,(anonymous_98)
FN:518,(anonymous_99)
FN:528,(anonymous_100)
FN:539,(anonymous_101)
FN:545,(anonymous_102)
FN:551,(anonymous_103)
FN:558,(anonymous_104)
FN:559,(anonymous_105)
FN:562,(anonymous_106)
FN:565,(anonymous_107)
FNF:108
FNH:0
FNDA:0,(anonymous_0)
FNDA:0,(anonymous_1)
FNDA:0,(anonymous_2)
FNDA:0,(anonymous_3)
FNDA:0,(anonymous_4)
FNDA:0,(anonymous_5)
FNDA:0,(anonymous_6)
FNDA:0,(anonymous_7)
FNDA:0,(anonymous_8)
FNDA:0,(anonymous_9)
FNDA:0,(anonymous_10)
FNDA:0,(anonymous_11)
FNDA:0,(anonymous_12)
FNDA:0,(anonymous_13)
FNDA:0,(anonymous_14)
FNDA:0,(anonymous_15)
FNDA:0,(anonymous_16)
FNDA:0,(anonymous_17)
FNDA:0,(anonymous_18)
FNDA:0,(anonymous_19)
FNDA:0,(anonymous_20)
FNDA:0,(anonymous_21)
FNDA:0,(anonymous_22)
FNDA:0,(anonymous_23)
FNDA:0,(anonymous_24)
FNDA:0,(anonymous_25)
FNDA:0,(anonymous_26)
FNDA:0,(anonymous_27)
FNDA:0,(anonymous_28)
FNDA:0,(anonymous_29)
FNDA:0,(anonymous_30)
FNDA:0,(anonymous_31)
FNDA:0,(anonymous_32)
FNDA:0,(anonymous_33)
FNDA:0,(anonymous_34)
FNDA:0,(anonymous_35)
FNDA:0,(anonymous_36)
FNDA:0,(anonymous_37)
FNDA:0,(anonymous_38)
FNDA:0,(anonymous_39)
FNDA:0,(anonymous_40)
FNDA:0,(anonymous_41)
FNDA:0,(anonymous_42)
FNDA:0,(anonymous_43)
FNDA:0,(anonymous_44)
FNDA:0,(anonymous_45)
FNDA:0,(anonymous_46)
FNDA:0,(anonymous_47)
FNDA:0,(anonymous_48)
FNDA:0,(anonymous_49)
FNDA:0,(anonymous_50)
FNDA:0,(anonymous_51)
FNDA:0,(anonymous_52)
FNDA:0,(anonymous_53)
FNDA:0,(anonymous_54)
FNDA:0,(anonymous_55)
FNDA:0,(anonymous_56)
FNDA:0,(anonymous_57)
FNDA:0,(anonymous_58)
FNDA:0,(anonymous_59)
FNDA:0,(anonymous_60)
FNDA:0,(anonymous_61)
FNDA:0,(anonymous_62)
FNDA:0,(anonymous_63)
FNDA:0,(anonymous_64)
FNDA:0,(anonymous_65)
FNDA:0,(anonymous_66)
FNDA:0,(anonymous_67)
FNDA:0,(anonymous_68)
FNDA:0,(anonymous_69)
FNDA:0,(anonymous_70)
FNDA:0,(anonymous_71)
FNDA:0,(anonymous_72)
FNDA:0,(anonymous_73)
FNDA:0,(anonymous_74)
FNDA:0,(anonymous_75)
FNDA:0,(anonymous_76)
FNDA:0,(anonymous_77)
FNDA:0,(anonymous_78)
FNDA:0,(anonymous_79)
FNDA:0,(anonymous_80)
FNDA:0,(anonymous_81)
FNDA:0,(anonymous_82)
FNDA:0,(anonymous_83)
FNDA:0,(anonymous_84)
FNDA:0,(anonymous_85)
FNDA:0,(anonymous_86)
FNDA:0,(anonymous_87)
FNDA:0,(anonymous_88)
FNDA:0,(anonymous_89)
FNDA:0,(anonymous_90)
FNDA:0,(anonymous_91)
FNDA:0,(anonymous_92)
FNDA:0,(anonymous_93)
FNDA:0,(anonymous_94)
FNDA:0,(anonymous_95)
FNDA:0,(anonymous_96)
FNDA:0,(anonymous_97)
FNDA:0,(anonymous_98)
FNDA:0,(anonymous_99)
FNDA:0,(anonymous_100)
FNDA:0,(anonymous_101)
FNDA:0,(anonymous_102)
FNDA:0,(anonymous_103)
FNDA:0,(anonymous_104)
FNDA:0,(anonymous_105)
FNDA:0,(anonymous_106)
FNDA:0,(anonymous_107)
DA:2,1
DA:4,1
DA:5,1
DA:6,1
DA:7,1
DA:8,1
DA:9,1
DA:15,0
DA:16,0
DA:18,0
DA:21,0
DA:27,0
DA:28,0
DA:30,0
DA:32,0
DA:33,0
DA:35,0
DA:38,0
DA:44,0
DA:45,0
DA:47,0
DA:49,0
DA:50,0
DA:52,0
DA:55,0
DA:61,0
DA:63,0
DA:64,0
DA:66,0
DA:72,0
DA:73,0
DA:79,0
DA:81,0
DA:84,0
DA:90,0
DA:91,0
DA:93,0
DA:94,0
DA:96,0
DA:100,0
DA:106,0
DA:107,0
DA:109,0
DA:110,0
DA:112,0
DA:116,0
DA:122,0
DA:123,0
DA:125,0
DA:126,0
DA:128,0
DA:132,0
DA:138,0
DA:139,0
DA:143,0
DA:144,0
DA:145,0
DA:147,0
DA:153,0
DA:157,0
DA:163,0
DA:164,0
DA:166,0
DA:169,0
DA:170,0
DA:176,0
DA:178,0
DA:180,0
DA:181,0
DA:182,0
DA:183,0
DA:185,0
DA:188,0
DA:197,0
DA:198,0
DA:199,0
DA:201,0
DA:206,0
DA:207,0
DA:208,0
DA:209,0
DA:210,0
DA:213,0
DA:217,0
DA:221,0
DA:222,0
DA:228,0
DA:229,0
DA:231,0
DA:232,0
DA:234,0
DA:238,0
DA:239,0
DA:245,0
DA:246,0
DA:248,0
DA:249,0
DA:251,0
DA:255,0
DA:256,0
DA:262,0
DA:263,0
DA:267,0
DA:269,0
DA:272,0
DA:278,0
DA:279,0
DA:281,0
DA:284,0
DA:290,0
DA:291,0
DA:292,0
DA:294,0
DA:297,0
DA:303,0
DA:304,0
DA:305,0
DA:307,0
DA:310,0
DA:317,0
DA:319,0
DA:328,0
DA:330,0
DA:333,0
DA:339,0
DA:340,0
DA:342,0
DA:344,0
DA:348,0
DA:349,0
DA:350,0
DA:351,0
DA:353,0
DA:356,0
DA:361,0
DA:362,0
DA:363,0
DA:364,0
DA:365,0
DA:367,0
DA:370,0
DA:373,0
DA:378,0
DA:379,0
DA:380,0
DA:381,0
DA:383,0
DA:386,0
DA:391,0
DA:393,0
DA:395,0
DA:396,0
DA:398,0
DA:401,0
DA:403,0
DA:404,0
DA:405,0
DA:406,0
DA:408,0
DA:409,0
DA:411,0
DA:412,0
DA:417,0
DA:421,0
DA:422,0
DA:428,0
DA:434,0
DA:435,0
DA:436,0
DA:437,0
DA:439,0
DA:442,0
DA:447,0
DA:448,0
DA:449,0
DA:450,0
DA:451,0
DA:452,0
DA:453,0
DA:455,0
DA:458,0
DA:461,0
DA:466,0
DA:467,0
DA:468,0
DA:469,0
DA:471,0
DA:474,0
DA:481,0
DA:482,0
DA:484,0
DA:487,0
DA:493,0
DA:494,0
DA:496,0
DA:497,0
DA:499,0
DA:503,0
DA:509,0
DA:510,0
DA:512,0
DA:513,0
DA:515,0
DA:519,0
DA:529,0
DA:531,0
DA:532,0
DA:533,0
DA:535,0
DA:540,0
DA:546,0
DA:552,0
DA:559,0
DA:560,0
DA:563,0
DA:566,0
DA:567,0
DA:575,1
LF:218
LH:8
BRDA:63,0,0,0
BRDA:63,0,1,0
BRDA:93,1,0,0
BRDA:93,1,1,0
BRDA:109,2,0,0
BRDA:109,2,1,0
BRDA:125,3,0,0
BRDA:125,3,1,0
BRDA:143,4,0,0
BRDA:143,4,1,0
BRDA:181,5,0,0
BRDA:181,5,1,0
BRDA:182,6,0,0
BRDA:182,6,1,0
BRDA:189,7,0,0
BRDA:189,7,1,0
BRDA:197,8,0,0
BRDA:197,8,1,0
BRDA:206,9,0,0
BRDA:206,9,1,0
BRDA:206,10,0,0
BRDA:206,10,1,0
BRDA:208,11,0,0
BRDA:208,11,1,0
BRDA:208,12,0,0
BRDA:208,12,1,0
BRDA:209,13,0,0
BRDA:209,13,1,0
BRDA:231,14,0,0
BRDA:231,14,1,0
BRDA:248,15,0,0
BRDA:248,15,1,0
BRDA:350,16,0,0
BRDA:350,16,1,0
BRDA:363,17,0,0
BRDA:363,17,1,0
BRDA:364,18,0,0
BRDA:364,18,1,0
BRDA:380,19,0,0
BRDA:380,19,1,0
BRDA:401,20,0,0
BRDA:401,20,1,0
BRDA:403,21,0,0
BRDA:403,21,1,0
BRDA:405,22,0,0
BRDA:405,22,1,0
BRDA:436,23,0,0
BRDA:436,23,1,0
BRDA:449,24,0,0
BRDA:449,24,1,0
BRDA:451,25,0,0
BRDA:451,25,1,0
BRDA:468,26,0,0
BRDA:468,26,1,0
BRDA:496,27,0,0
BRDA:496,27,1,0
BRDA:512,28,0,0
BRDA:512,28,1,0
BRDA:532,29,0,0
BRDA:532,29,1,0
BRF:60
BRH:0
end_of_record
TN:
SF:src\components\gestoreEmail\gestoreEmail.js
FN:24,(anonymous_0)
FN:41,(anonymous_1)
FN:50,(anonymous_2)
FN:59,(anonymous_3)
FN:64,(anonymous_4)
FN:69,(anonymous_5)
FN:74,(anonymous_6)
FNF:7
FNH:0
FNDA:0,(anonymous_0)
FNDA:0,(anonymous_1)
FNDA:0,(anonymous_2)
FNDA:0,(anonymous_3)
FNDA:0,(anonymous_4)
FNDA:0,(anonymous_5)
FNDA:0,(anonymous_6)
DA:1,1
DA:2,1
DA:3,1
DA:4,1
DA:5,1
DA:6,1
DA:7,1
DA:11,1
DA:25,0
DA:26,0
DA:33,0
DA:37,0
DA:42,0
DA:47,0
DA:51,0
DA:56,0
DA:60,0
DA:61,0
DA:65,0
DA:66,0
DA:70,0
DA:71,0
DA:75,0
DA:81,1
LF:24
LH:9
BRF:0
BRH:0
end_of_record
TN:
SF:src\components\timer\timerSettings.js
FN:3,(anonymous_0)
FN:7,(anonymous_1)
FNF:2
FNH:0
FNDA:0,(anonymous_0)
FNDA:0,(anonymous_1)
DA:1,1
DA:4,0
DA:8,0
LF:3
LH:1
BRF:0
BRH:0
end_of_record
TN:
SF:src\components\to-do\listaTasks.js
FN:6,(anonymous_0)
FN:11,(anonymous_1)
FN:42,(anonymous_2)
FN:43,(anonymous_3)
FN:46,(anonymous_4)
FN:47,(anonymous_5)
FN:61,(anonymous_6)
FN:62,(anonymous_7)
FNF:8
FNH:0
FNDA:0,(anonymous_0)
FNDA:0,(anonymous_1)
FNDA:0,(anonymous_2)
FNDA:0,(anonymous_3)
FNDA:0,(anonymous_4)
FNDA:0,(anonymous_5)
FNDA:0,(anonymous_6)
FNDA:0,(anonymous_7)
DA:1,1
DA:2,1
DA:7,0
DA:8,0
DA:12,0
DA:14,0
DA:17,0
DA:20,0
DA:21,0
DA:22,0
DA:23,0
DA:24,0
DA:26,0
DA:27,0
DA:28,0
DA:29,0
DA:32,0
DA:36,0
DA:37,0
DA:39,0
DA:43,0
DA:47,0
DA:48,0
DA:49,0
DA:51,0
DA:52,0
DA:54,0
DA:55,0
DA:57,0
DA:62,0
DA:63,0
DA:64,0
DA:65,0
DA:66,0
DA:67,0
DA:68,0
DA:70,0
DA:76,1
LF:38
LH:3
BRDA:26,0,0,0
BRDA:26,0,1,0
BRDA:48,1,0,0
BRDA:48,1,1,0
BRDA:48,2,0,0
BRDA:48,2,1,0
BRDA:51,3,0,0
BRDA:51,3,1,0
BRDA:54,4,0,0
BRDA:54,4,1,0
BRDA:63,5,0,0
BRDA:63,5,1,0
BRDA:63,6,0,0
BRDA:63,6,1,0
BRDA:65,7,0,0
BRDA:65,7,1,0
BRDA:67,8,0,0
BRDA:67,8,1,0
BRF:18
BRH:0
end_of_record
TN:
SF:src\components\to-do\task.js
FN:6,(anonymous_0)
FN:17,(anonymous_1)
FN:21,(anonymous_2)
FN:35,(anonymous_3)
FNF:4
FNH:0
FNDA:0,(anonymous_0)
FNDA:0,(anonymous_1)
FNDA:0,(anonymous_2)
FNDA:0,(anonymous_3)
DA:1,1
DA:2,1
DA:7,0
DA:8,0
DA:9,0
DA:10,0
DA:11,0
DA:12,0
DA:13,0
DA:14,0
DA:18,0
DA:22,0
DA:23,0
DA:26,0
DA:27,0
DA:28,0
DA:30,0
DA:32,0
DA:36,0
DA:37,0
DA:39,0
DA:44,1
LF:22
LH:3
BRDA:26,0,0,0
BRDA:26,0,1,0
BRDA:26,1,0,0
BRDA:26,1,1,0
BRDA:36,2,0,0
BRDA:36,2,1,0
BRF:6
BRH:0
end_of_record
TN:
SF:src\components\utils\utils.js
FN:2,(anonymous_0)
FN:9,(anonymous_1)
FN:17,(anonymous_2)
FN:22,(anonymous_3)
FN:30,(anonymous_4)
FNF:5
FNH:0
FNDA:0,(anonymous_0)
FNDA:0,(anonymous_1)
FNDA:0,(anonymous_2)
FNDA:0,(anonymous_3)
FNDA:0,(anonymous_4)
DA:3,0
DA:4,0
DA:5,0
DA:6,0
DA:10,0
DA:11,0
DA:12,0
DA:18,0
DA:19,0
DA:23,0
DA:24,0
DA:25,0
DA:31,0
DA:32,0
DA:33,0
DA:37,1
LF:16
LH:1
BRDA:4,0,0,0
BRDA:4,0,1,0
BRDA:5,1,0,0
BRDA:5,1,1,0
BRDA:6,2,0,0
BRDA:6,2,1,0
BRF:6
BRH:0
end_of_record
TN:
SF:src\config\db.js
FN:9,(anonymous_0)
FN:12,(anonymous_1)
FNF:2
FNH:0
FNDA:0,(anonymous_0)
FNDA:0,(anonymous_1)
DA:1,1
DA:2,1
DA:4,1
DA:10,0
DA:12,0
DA:15,1
LF:6
LH:4
BRF:0
BRH:0
end_of_record
TN:
SF:src\domains\gruppi.js
FN:19,(anonymous_0)
FN:23,(anonymous_1)
FN:29,(anonymous_2)
FN:32,(anonymous_3)
FN:37,(anonymous_4)
FN:40,(anonymous_5)
FN:43,(anonymous_6)
FN:49,(anonymous_7)
FN:63,(anonymous_8)
FN:69,(anonymous_9)
FN:72,(anonymous_10)
FN:79,(anonymous_11)
FN:90,(anonymous_12)
FN:94,(anonymous_13)
FN:100,(anonymous_14)
FN:103,(anonymous_15)
FN:108,(anonymous_16)
FN:111,(anonymous_17)
FN:114,(anonymous_18)
FN:120,(anonymous_19)
FN:134,(anonymous_20)
FN:140,(anonymous_21)
FN:144,(anonymous_22)
FN:151,(anonymous_23)
FN:159,(anonymous_24)
FN:167,(anonymous_25)
FN:170,(anonymous_26)
FN:179,(anonymous_27)
FN:190,(anonymous_28)
FN:206,(anonymous_29)
FN:239,(anonymous_30)
FN:258,(anonymous_31)
FN:286,(anonymous_32)
FN:298,(anonymous_33)
FN:301,(anonymous_34)
FN:320,(anonymous_35)
FN:363,(anonymous_36)
FN:411,(anonymous_37)
FN:456,(anonymous_38)
FNF:39
FNH:0
FNDA:0,(anonymous_0)
FNDA:0,(anonymous_1)
FNDA:0,(anonymous_2)
FNDA:0,(anonymous_3)
FNDA:0,(anonymous_4)
FNDA:0,(anonymous_5)
FNDA:0,(anonymous_6)
FNDA:0,(anonymous_7)
FNDA:0,(anonymous_8)
FNDA:0,(anonymous_9)
FNDA:0,(anonymous_10)
FNDA:0,(anonymous_11)
FNDA:0,(anonymous_12)
FNDA:0,(anonymous_13)
FNDA:0,(anonymous_14)
FNDA:0,(anonymous_15)
FNDA:0,(anonymous_16)
FNDA:0,(anonymous_17)
FNDA:0,(anonymous_18)
FNDA:0,(anonymous_19)
FNDA:0,(anonymous_20)
FNDA:0,(anonymous_21)
FNDA:0,(anonymous_22)
FNDA:0,(anonymous_23)
FNDA:0,(anonymous_24)
FNDA:0,(anonymous_25)
FNDA:0,(anonymous_26)
FNDA:0,(anonymous_27)
FNDA:0,(anonymous_28)
FNDA:0,(anonymous_29)
FNDA:0,(anonymous_30)
FNDA:0,(anonymous_31)
FNDA:0,(anonymous_32)
FNDA:0,(anonymous_33)
FNDA:0,(anonymous_34)
FNDA:0,(anonymous_35)
FNDA:0,(anonymous_36)
FNDA:0,(anonymous_37)
FNDA:0,(anonymous_38)
DA:1,1
DA:3,1
DA:4,1
DA:5,1
DA:6,1
DA:7,1
DA:8,1
DA:9,1
DA:12,1
DA:13,1
DA:14,1
DA:16,1
DA:17,1
DA:19,1
DA:21,0
DA:22,0
DA:25,0
DA:27,0
DA:29,0
DA:31,0
DA:34,0
DA:35,0
DA:37,0
DA:39,0
DA:41,0
DA:44,0
DA:48,0
DA:51,0
DA:64,0
DA:68,0
DA:70,0
DA:73,0
DA:76,0
DA:80,0
DA:84,0
DA:90,1
DA:91,0
DA:93,0
DA:96,0
DA:98,0
DA:100,0
DA:102,0
DA:105,0
DA:106,0
DA:108,0
DA:110,0
DA:112,0
DA:115,0
DA:119,0
DA:122,0
DA:135,0
DA:139,0
DA:142,0
DA:145,0
DA:148,0
DA:152,0
DA:155,0
DA:159,1
DA:161,0
DA:162,0
DA:165,0
DA:166,0
DA:168,0
DA:171,0
DA:174,0
DA:179,1
DA:180,0
DA:182,0
DA:183,0
DA:186,0
DA:188,0
DA:190,0
DA:191,0
DA:193,0
DA:195,0
DA:197,0
DA:200,0
DA:202,0
DA:206,1
DA:207,0
DA:209,0
DA:210,0
DA:213,0
DA:214,0
DA:215,0
DA:217,0
DA:219,0
DA:228,0
DA:231,0
DA:232,0
DA:235,0
DA:239,1
DA:240,0
DA:241,0
DA:243,0
DA:244,0
DA:247,0
DA:248,0
DA:249,0
DA:251,0
DA:252,0
DA:254,0
DA:258,1
DA:259,0
DA:260,0
DA:262,0
DA:263,0
DA:266,0
DA:268,0
DA:269,0
DA:271,0
DA:272,0
DA:273,0
DA:274,0
DA:276,0
DA:278,0
DA:280,0
DA:282,0
DA:286,1
DA:288,0
DA:289,0
DA:292,0
DA:293,0
DA:296,0
DA:297,0
DA:299,0
DA:302,0
DA:304,0
DA:305,0
DA:307,0
DA:308,0
DA:310,0
DA:315,0
DA:320,1
DA:322,0
DA:325,0
DA:326,0
DA:330,0
DA:331,0
DA:335,0
DA:336,0
DA:338,0
DA:342,0
DA:343,0
DA:345,0
DA:346,0
DA:348,0
DA:350,0
DA:355,0
DA:356,0
DA:359,0
DA:363,1
DA:365,0
DA:367,0
DA:371,0
DA:372,0
DA:375,0
DA:376,0
DA:381,0
DA:382,0
DA:383,0
DA:386,0
DA:387,0
DA:388,0
DA:393,0
DA:394,0
DA:395,0
DA:396,0
DA:397,0
DA:398,0
DA:403,0
DA:404,0
DA:407,0
DA:411,1
DA:412,0
DA:416,0
DA:417,0
DA:420,0
DA:421,0
DA:426,0
DA:427,0
DA:428,0
DA:431,0
DA:432,0
DA:433,0
DA:438,0
DA:439,0
DA:440,0
DA:441,0
DA:442,0
DA:443,0
DA:448,0
DA:449,0
DA:452,0
DA:456,1
DA:457,0
DA:461,0
DA:462,0
DA:465,0
DA:466,0
DA:471,0
DA:472,0
DA:473,0
DA:476,0
DA:477,0
DA:478,0
DA:483,0
DA:484,0
DA:485,0
DA:486,0
DA:487,0
DA:488,0
DA:493,0
DA:494,0
DA:497,0
DA:503,1
LF:216
LH:26
BRDA:25,0,0,0
BRDA:25,0,1,0
BRDA:96,1,0,0
BRDA:96,1,1,0
BRDA:161,2,0,0
BRDA:161,2,1,0
BRDA:161,3,0,0
BRDA:161,3,1,0
BRDA:161,3,2,0
BRDA:182,4,0,0
BRDA:182,4,1,0
BRDA:182,5,0,0
BRDA:182,5,1,0
BRDA:182,5,2,0
BRDA:209,6,0,0
BRDA:209,6,1,0
BRDA:214,7,0,0
BRDA:214,7,1,0
BRDA:231,8,0,0
BRDA:231,8,1,0
BRDA:243,9,0,0
BRDA:243,9,1,0
BRDA:248,10,0,0
BRDA:248,10,1,0
BRDA:262,11,0,0
BRDA:262,11,1,0
BRDA:268,12,0,0
BRDA:268,12,1,0
BRDA:288,13,0,0
BRDA:288,13,1,0
BRDA:288,14,0,0
BRDA:288,14,1,0
BRDA:292,15,0,0
BRDA:292,15,1,0
BRDA:302,16,0,0
BRDA:302,16,1,0
BRDA:302,16,2,0
BRDA:325,17,0,0
BRDA:325,17,1,0
BRDA:325,18,0,0
BRDA:325,18,1,0
BRDA:330,19,0,0
BRDA:330,19,1,0
BRDA:336,20,0,0
BRDA:336,20,1,0
BRDA:343,21,0,0
BRDA:343,21,1,0
BRDA:348,22,0,0
BRDA:348,22,1,0
BRDA:371,23,0,0
BRDA:371,23,1,0
BRDA:371,24,0,0
BRDA:371,24,1,0
BRDA:371,24,2,0
BRDA:375,25,0,0
BRDA:375,25,1,0
BRDA:375,26,0,0
BRDA:375,26,1,0
BRDA:382,27,0,0
BRDA:382,27,1,0
BRDA:387,28,0,0
BRDA:387,28,1,0
BRDA:394,29,0,0
BRDA:394,29,1,0
BRDA:397,30,0,0
BRDA:397,30,1,0
BRDA:416,31,0,0
BRDA:416,31,1,0
BRDA:416,32,0,0
BRDA:416,32,1,0
BRDA:420,33,0,0
BRDA:420,33,1,0
BRDA:427,34,0,0
BRDA:427,34,1,0
BRDA:432,35,0,0
BRDA:432,35,1,0
BRDA:439,36,0,0
BRDA:439,36,1,0
BRDA:442,37,0,0
BRDA:442,37,1,0
BRDA:461,38,0,0
BRDA:461,38,1,0
BRDA:461,39,0,0
BRDA:461,39,1,0
BRDA:461,39,2,0
BRDA:465,40,0,0
BRDA:465,40,1,0
BRDA:465,41,0,0
BRDA:465,41,1,0
BRDA:472,42,0,0
BRDA:472,42,1,0
BRDA:477,43,0,0
BRDA:477,43,1,0
BRDA:484,44,0,0
BRDA:484,44,1,0
BRDA:487,45,0,0
BRDA:487,45,1,0
BRF:97
BRH:0
end_of_record
TN:
SF:src\domains\profilo.js
FN:15,(anonymous_0)
FN:17,(anonymous_1)
FN:20,(anonymous_2)
FN:30,(anonymous_3)
FN:35,(anonymous_4)
FN:70,(anonymous_5)
FN:77,(anonymous_6)
FN:99,(anonymous_7)
FN:106,(anonymous_8)
FN:114,(anonymous_9)
FN:132,(anonymous_10)
FN:139,(anonymous_11)
FN:143,(anonymous_12)
FN:152,(anonymous_13)
FN:155,(anonymous_14)
FN:162,(anonymous_15)
FNF:16
FNH:0
FNDA:0,(anonymous_0)
FNDA:0,(anonymous_1)
FNDA:0,(anonymous_2)
FNDA:0,(anonymous_3)
FNDA:0,(anonymous_4)
FNDA:0,(anonymous_5)
FNDA:0,(anonymous_6)
FNDA:0,(anonymous_7)
FNDA:0,(anonymous_8)
FNDA:0,(anonymous_9)
FNDA:0,(anonymous_10)
FNDA:0,(anonymous_11)
FNDA:0,(anonymous_12)
FNDA:0,(anonymous_13)
FNDA:0,(anonymous_14)
FNDA:0,(anonymous_15)
DA:1,1
DA:3,1
DA:4,1
DA:5,1
DA:6,1
DA:9,1
DA:10,1
DA:11,1
DA:13,1
DA:15,1
DA:16,0
DA:18,0
DA:19,0
DA:21,0
DA:27,0
DA:31,0
DA:35,1
DA:36,0
DA:37,0
DA:38,0
DA:41,0
DA:52,0
DA:55,0
DA:57,0
DA:59,0
DA:61,0
DA:63,0
DA:65,0
DA:66,0
DA:70,1
DA:71,0
DA:73,0
DA:74,0
DA:77,0
DA:78,0
DA:79,0
DA:82,0
DA:84,0
DA:85,0
DA:87,0
DA:89,0
DA:92,0
DA:99,1
DA:100,0
DA:102,0
DA:103,0
DA:105,0
DA:107,0
DA:108,0
DA:112,0
DA:114,0
DA:115,0
DA:116,0
DA:120,0
DA:122,0
DA:124,0
DA:126,0
DA:133,0
DA:139,1
DA:140,0
DA:143,0
DA:144,0
DA:145,0
DA:148,0
DA:151,0
DA:153,0
DA:156,0
DA:162,1
DA:163,0
DA:165,0
DA:166,0
DA:169,0
DA:170,0
DA:171,0
DA:172,0
DA:174,0
DA:176,0
DA:178,0
DA:180,0
DA:182,0
DA:183,0
DA:186,0
DA:187,0
DA:189,0
DA:193,0
DA:195,0
DA:197,0
DA:199,0
DA:203,0
DA:206,0
DA:212,1
LF:91
LH:16
BRDA:18,0,0,0
BRDA:18,0,1,0
BRDA:37,1,0,0
BRDA:37,1,1,0
BRDA:41,2,0,0
BRDA:41,2,1,0
BRDA:43,3,0,0
BRDA:43,3,1,0
BRDA:43,3,2,0
BRDA:43,3,3,0
BRDA:43,3,4,0
BRDA:43,3,5,0
BRDA:73,4,0,0
BRDA:73,4,1,0
BRDA:78,5,0,0
BRDA:78,5,1,0
BRDA:102,6,0,0
BRDA:102,6,1,0
BRDA:107,7,0,0
BRDA:107,7,1,0
BRDA:115,8,0,0
BRDA:115,8,1,0
BRDA:144,9,0,0
BRDA:144,9,1,0
BRDA:165,10,0,0
BRDA:165,10,1,0
BRDA:165,11,0,0
BRDA:165,11,1,0
BRDA:174,12,0,0
BRDA:174,12,1,0
BRDA:178,13,0,0
BRDA:178,13,1,0
BRDA:182,14,0,0
BRDA:182,14,1,0
BRF:34
BRH:0
end_of_record
TN:
SF:src\domains\profiloData.js
FN:17,(anonymous_0)
FN:22,(anonymous_1)
FN:25,(anonymous_2)
FN:33,(anonymous_3)
FN:55,(anonymous_4)
FN:82,(anonymous_5)
FN:89,(anonymous_6)
FN:110,(anonymous_7)
FNF:8
FNH:0
FNDA:0,(anonymous_0)
FNDA:0,(anonymous_1)
FNDA:0,(anonymous_2)
FNDA:0,(anonymous_3)
FNDA:0,(anonymous_4)
FNDA:0,(anonymous_5)
FNDA:0,(anonymous_6)
FNDA:0,(anonymous_7)
DA:1,1
DA:3,1
DA:4,1
DA:5,1
DA:6,1
DA:9,1
DA:10,1
DA:11,1
DA:13,1
DA:17,1
DA:18,0
DA:19,0
DA:21,0
DA:23,0
DA:26,0
DA:33,1
DA:35,0
DA:38,0
DA:39,0
DA:40,0
DA:44,0
DA:47,0
DA:50,0
DA:55,1
DA:57,0
DA:60,0
DA:61,0
DA:62,0
DA:65,0
DA:67,0
DA:69,0
DA:71,0
DA:74,0
DA:77,0
DA:82,1
DA:83,0
DA:85,0
DA:86,0
DA:89,0
DA:90,0
DA:91,0
DA:94,0
DA:96,0
DA:98,0
DA:100,0
DA:102,0
DA:105,0
DA:110,1
DA:112,0
DA:115,0
DA:116,0
DA:117,0
DA:121,0
DA:124,0
DA:127,0
DA:133,1
LF:56
LH:15
BRDA:18,0,0,0
BRDA:18,0,1,0
BRDA:39,1,0,0
BRDA:39,1,1,0
BRDA:61,2,0,0
BRDA:61,2,1,0
BRDA:85,3,0,0
BRDA:85,3,1,0
BRDA:90,4,0,0
BRDA:90,4,1,0
BRDA:116,5,0,0
BRDA:116,5,1,0
BRF:12
BRH:0
end_of_record
TN:
SF:src\domains\saleStudio.js
FN:13,(anonymous_0)
FNF:1
FNH:0
FNDA:0,(anonymous_0)
DA:1,1
DA:3,1
DA:4,1
DA:5,1
DA:7,1
DA:8,1
DA:9,1
DA:13,1
DA:14,0
DA:16,0
DA:17,0
DA:18,0
DA:21,0
DA:22,0
DA:23,0
DA:26,0
DA:27,0
DA:30,0
DA:38,1
LF:19
LH:9
BRDA:16,0,0,0
BRDA:16,0,1,0
BRDA:21,1,0,0
BRDA:21,1,1,0
BRF:4
BRH:0
end_of_record
TN:
SF:src\domains\sessione_grafici.js
FN:5,(anonymous_0)
FNF:1
FNH:0
FNDA:0,(anonymous_0)
DA:1,1
DA:2,1
DA:3,1
DA:5,1
DA:8,0
DA:11,0
DA:13,0
DA:15,0
DA:16,0
DA:18,0
DA:22,0
DA:23,0
DA:27,1
LF:13
LH:5
BRDA:15,0,0,0
BRDA:15,0,1,0
BRF:2
BRH:0
end_of_record
TN:
SF:src\domains\timer.js
FN:16,getDurataFromSettings
FN:40,(anonymous_1)
FN:70,(anonymous_2)
FN:118,(anonymous_3)
FN:139,(anonymous_4)
FNF:5
FNH:0
FNDA:0,getDurataFromSettings
FNDA:0,(anonymous_1)
FNDA:0,(anonymous_2)
FNDA:0,(anonymous_3)
FNDA:0,(anonymous_4)
DA:1,1
DA:2,1
DA:3,1
DA:4,1
DA:5,1
DA:8,1
DA:17,0
DA:19,0
DA:21,0
DA:23,0
DA:25,0
DA:31,1
DA:32,1
DA:40,1
DA:42,0
DA:43,0
DA:46,0
DA:47,0
DA:48,0
DA:49,0
DA:52,0
DA:56,0
DA:58,0
DA:62,0
DA:63,0
DA:70,1
DA:72,0
DA:74,0
DA:77,0
DA:78,0
DA:81,0
DA:83,0
DA:84,0
DA:85,0
DA:86,0
DA:88,0
DA:90,0
DA:92,0
DA:93,0
DA:95,0
DA:96,0
DA:98,0
DA:101,0
DA:108,0
DA:112,0
DA:118,1
DA:120,0
DA:122,0
DA:123,0
DA:125,0
DA:135,0
DA:139,1
DA:140,0
DA:142,0
DA:143,0
DA:144,0
DA:145,0
DA:147,0
DA:160,0
DA:163,0
DA:164,0
DA:167,0
DA:175,1
LF:63
LH:13
BRDA:17,0,0,0
BRDA:17,0,1,0
BRDA:17,0,2,0
BRDA:17,0,3,0
BRDA:43,1,0,0
BRDA:43,1,1,0
BRDA:43,2,0,0
BRDA:43,2,1,0
BRDA:43,2,2,0
BRDA:74,3,0,0
BRDA:74,3,1,0
BRDA:77,4,0,0
BRDA:77,4,1,0
BRDA:77,5,0,0
BRDA:77,5,1,0
BRDA:81,6,0,0
BRDA:81,6,1,0
BRDA:81,6,2,0
BRDA:81,6,3,0
BRDA:84,7,0,0
BRDA:84,7,1,0
BRDA:122,8,0,0
BRDA:122,8,1,0
BRDA:147,9,0,0
BRDA:147,9,1,0
BRDA:149,10,0,0
BRDA:149,10,1,0
BRDA:149,10,2,0
BRDA:149,10,3,0
BRDA:149,10,4,0
BRDA:149,10,5,0
BRDA:149,10,6,0
BRDA:149,10,7,0
BRDA:149,10,8,0
BRDA:149,10,9,0
BRDA:149,10,10,0
BRDA:149,10,11,0
BRF:37
BRH:0
end_of_record
TN:
SF:src\domains\timerSessione.js
FN:14,(anonymous_0)
FN:29,(anonymous_1)
FN:32,(anonymous_2)
FNF:3
FNH:0
FNDA:0,(anonymous_0)
FNDA:0,(anonymous_1)
FNDA:0,(anonymous_2)
DA:1,1
DA:2,1
DA:3,1
DA:5,1
DA:6,1
DA:7,1
DA:9,1
DA:10,1
DA:14,1
DA:16,0
DA:17,0
DA:19,0
DA:20,0
DA:23,0
DA:24,0
DA:26,0
DA:28,0
DA:30,0
DA:33,0
DA:34,0
DA:40,1
LF:21
LH:10
BRDA:19,0,0,0
BRDA:19,0,1,0
BRDA:19,1,0,0
BRDA:19,1,1,0
BRDA:19,1,2,0
BRDA:19,1,3,0
BRF:6
BRH:0
end_of_record
TN:
SF:src\domains\todo.js
FN:6,(anonymous_0)
FN:17,(anonymous_1)
FN:34,(anonymous_2)
FN:55,(anonymous_3)
FN:67,(anonymous_4)
FN:83,(anonymous_5)
FN:95,(anonymous_6)
FN:111,(anonymous_7)
FNF:8
FNH:0
FNDA:0,(anonymous_0)
FNDA:0,(anonymous_1)
FNDA:0,(anonymous_2)
FNDA:0,(anonymous_3)
FNDA:0,(anonymous_4)
FNDA:0,(anonymous_5)
FNDA:0,(anonymous_6)
FNDA:0,(anonymous_7)
DA:1,1
DA:2,1
DA:3,1
DA:4,1
DA:6,1
DA:7,0
DA:8,0
DA:10,0
DA:11,0
DA:13,0
DA:14,0
DA:17,0
DA:25,0
DA:29,0
DA:30,0
DA:34,1
DA:35,0
DA:36,0
DA:38,0
DA:39,0
DA:42,0
DA:44,0
DA:46,0
DA:47,0
DA:50,0
DA:51,0
DA:55,1
DA:56,0
DA:57,0
DA:58,0
DA:60,0
DA:61,0
DA:64,0
DA:66,0
DA:67,0
DA:69,0
DA:70,0
DA:71,0
DA:73,0
DA:77,0
DA:78,0
DA:83,1
DA:84,0
DA:85,0
DA:86,0
DA:88,0
DA:89,0
DA:92,0
DA:94,0
DA:95,0
DA:97,0
DA:98,0
DA:99,0
DA:101,0
DA:105,0
DA:106,0
DA:111,1
DA:112,0
DA:113,0
DA:115,0
DA:117,0
DA:118,0
DA:120,0
DA:121,0
DA:124,0
DA:126,0
DA:127,0
DA:129,0
DA:130,0
DA:132,0
DA:133,0
DA:135,0
DA:138,0
DA:143,0
DA:144,0
DA:148,1
LF:76
LH:10
BRDA:13,0,0,0
BRDA:13,0,1,0
BRDA:38,1,0,0
BRDA:38,1,1,0
BRDA:60,2,0,0
BRDA:60,2,1,0
BRDA:69,3,0,0
BRDA:69,3,1,0
BRDA:88,4,0,0
BRDA:88,4,1,0
BRDA:97,5,0,0
BRDA:97,5,1,0
BRDA:120,6,0,0
BRDA:120,6,1,0
BRDA:124,7,0,0
BRDA:124,7,1,0
BRDA:124,7,2,0
BRDA:124,7,3,0
BRF:18
BRH:0
end_of_record
TN:
SF:src\models\GruppoSchema.js
FNF:0
FNH:0
DA:1,1
DA:3,1
DA:10,1
DA:12,1
LF:4
LH:4
BRF:0
BRH:0
end_of_record
TN:
SF:src\models\SalaStudioSchema.js
FNF:0
FNH:0
DA:1,1
DA:3,1
DA:17,1
DA:19,1
LF:4
LH:4
BRF:0
BRH:0
end_of_record
TN:
SF:src\models\Sessione.js
FNF:0
FNH:0
DA:1,1
DA:4,1
DA:12,1
DA:14,1
LF:4
LH:4
BRF:0
BRH:0
end_of_record
TN:
SF:src\models\Task.js
FNF:0
FNH:0
DA:1,1
DA:3,1
DA:28,1
DA:30,1
LF:4
LH:4
BRF:0
BRH:0
end_of_record
TN:
SF:src\models\TokenSchema.js
FNF:0
FNH:0
DA:2,1
DA:4,1
DA:11,1
DA:13,1
LF:4
LH:4
BRF:0
BRH:0
end_of_record
TN:
SF:src\models\UserSchema.js
FNF:0
FNH:0
DA:1,1
DA:3,1
DA:5,1
DA:12,1
DA:14,1
LF:5
LH:5
BRF:0
BRH:0
end_of_record
TN:
SF:src\routes\index.js
FN:21,(anonymous_0)
FNF:1
FNH:0
FNDA:0,(anonymous_0)
DA:1,1
DA:3,1
DA:4,1
DA:5,1
DA:6,1
DA:7,1
DA:9,1
DA:11,1
DA:12,1
DA:13,1
DA:14,1
DA:15,1
DA:16,1
DA:17,1
DA:18,1
DA:21,1
DA:22,0
DA:23,0
DA:24,0
DA:25,0
DA:27,0
DA:29,0
DA:32,1
DA:36,1
DA:37,1
DA:39,1
DA:40,1
DA:42,1
DA:44,1
DA:46,1
DA:48,1
DA:50,1
LF:32
LH:26
BRF:0
BRH:0
end_of_record
TN:
SF:src\routes\leggiToken.js
FN:8,leggiToken
FNF:1
FNH:0
FNDA:0,leggiToken
DA:1,1
DA:3,1
DA:4,1
DA:11,0
DA:12,0
DA:13,0
DA:17,0
DA:18,0
DA:19,0
DA:24,0
DA:25,0
DA:27,0
DA:31,0
DA:32,0
DA:33,0
DA:37,0
DA:38,0
DA:39,0
DA:42,0
DA:43,0
DA:48,1
LF:21
LH:4
BRDA:12,0,0,0
BRDA:12,0,1,0
BRDA:17,1,0,0
BRDA:17,1,1,0
BRDA:18,2,0,0
BRDA:18,2,1,0
BRDA:32,3,0,0
BRDA:32,3,1,0
BRDA:38,4,0,0
BRDA:38,4,1,0
BRF:10
BRH:0
end_of_record
TN:
SF:src\routes\verificaAutenticazione.js
FN:3,verificaAutenticazione
FNF:1
FNH:0
FNDA:0,verificaAutenticazione
DA:1,1
DA:5,0
DA:7,0
DA:10,0
DA:11,0
DA:14,0
DA:17,0
DA:21,1
LF:8
LH:2
BRDA:5,0,0,0
BRDA:5,0,1,0
BRDA:11,1,0,0
BRDA:11,1,1,0
BRF:4
BRH:0
end_of_record
